[2026-06-17T11:15:33.859+0000] {local_task_job_runner.py:120} INFO - ::group::Pre task execution logs
[2026-06-17T11:15:34.019+0000] {taskinstance.py:2076} INFO - Dependencies all met for dep_context=non-requeueable deps ti=<TaskInstance: smartup_etl.customers manual__2026-06-17T11:15:29.088486+00:00 [queued]>
[2026-06-17T11:15:34.058+0000] {taskinstance.py:2076} INFO - Dependencies all met for dep_context=requeueable deps ti=<TaskInstance: smartup_etl.customers manual__2026-06-17T11:15:29.088486+00:00 [queued]>
[2026-06-17T11:15:34.059+0000] {taskinstance.py:2306} INFO - Starting attempt 1 of 2
[2026-06-17T11:15:34.185+0000] {taskinstance.py:2330} INFO - Executing <Task(PythonOperator): customers> on 2026-06-17 11:15:29.088486+00:00
[2026-06-17T11:15:34.302+0000] {logging_mixin.py:188} WARNING - /home/***/.local/lib/python3.12/site-packages/***/task/task_runner/standard_task_runner.py:61 DeprecationWarning: This process (pid=314) is multi-threaded, use of fork() may lead to deadlocks in the child.
[2026-06-17T11:15:34.316+0000] {standard_task_runner.py:63} INFO - Started process 326 to run task
[2026-06-17T11:15:34.314+0000] {standard_task_runner.py:90} INFO - Running: ['***', 'tasks', 'run', 'smartup_etl', 'customers', 'manual__2026-06-17T11:15:29.088486+00:00', '--job-id', '26', '--raw', '--subdir', 'DAGS_FOLDER/smartup_etl_dag.py', '--cfg-path', '/tmp/tmpfrtufb56']
[2026-06-17T11:15:34.327+0000] {standard_task_runner.py:91} INFO - Job 26: Subtask customers
[2026-06-17T11:15:34.713+0000] {task_command.py:426} INFO - Running <TaskInstance: smartup_etl.customers manual__2026-06-17T11:15:29.088486+00:00 [running]> on host 0bb950afe98a
[2026-06-17T11:15:35.166+0000] {taskinstance.py:2648} INFO - Exporting env vars: AIRFLOW_CTX_DAG_OWNER='smartup-etl' AIRFLOW_CTX_DAG_ID='smartup_etl' AIRFLOW_CTX_TASK_ID='customers' AIRFLOW_CTX_EXECUTION_DATE='2026-06-17T11:15:29.088486+00:00' AIRFLOW_CTX_TRY_NUMBER='1' AIRFLOW_CTX_DAG_RUN_ID='manual__2026-06-17T11:15:29.088486+00:00'
[2026-06-17T11:15:35.170+0000] {taskinstance.py:430} INFO - ::endgroup::
[2026-06-17T11:15:37.290+0000] {logging_mixin.py:188} INFO - === Customers pipeline ===
[2026-06-17T11:15:37.294+0000] {logging_mixin.py:188} INFO - [FETCH] https://smartup.online/b/anor/mxsx/mr/natural_person$export
[2026-06-17T11:15:42.495+0000] {logging_mixin.py:188} INFO - [OK] 1112 ta yozuv olindi
[2026-06-17T11:15:42.592+0000] {taskinstance.py:441} INFO - ::group::Post task execution logs
[2026-06-17T11:15:42.593+0000] {taskinstance.py:2905} ERROR - Task failed with exception
Traceback (most recent call last):
  File "/home/airflow/.local/lib/python3.12/site-packages/airflow/models/taskinstance.py", line 465, in _execute_task
    result = _execute_callable(context=context, **execute_callable_kwargs)
             ^^^^^^^^^^^^^^^^^^^^^^^^^^^^^^^^^^^^^^^^^^^^^^^^^^^^^^^^^^^^^
  File "/home/airflow/.local/lib/python3.12/site-packages/airflow/models/taskinstance.py", line 432, in _execute_callable
    return execute_callable(context=context, **execute_callable_kwargs)
           ^^^^^^^^^^^^^^^^^^^^^^^^^^^^^^^^^^^^^^^^^^^^^^^^^^^^^^^^^^^^
  File "/home/airflow/.local/lib/python3.12/site-packages/airflow/models/baseoperator.py", line 400, in wrapper
    return func(self, *args, **kwargs)
           ^^^^^^^^^^^^^^^^^^^^^^^^^^^
  File "/home/airflow/.local/lib/python3.12/site-packages/airflow/operators/python.py", line 235, in execute
    return_value = self.execute_callable()
                   ^^^^^^^^^^^^^^^^^^^^^^^
  File "/home/airflow/.local/lib/python3.12/site-packages/airflow/operators/python.py", line 252, in execute_callable
    return self.python_callable(*self.op_args, **self.op_kwargs)
           ^^^^^^^^^^^^^^^^^^^^^^^^^^^^^^^^^^^^^^^^^^^^^^^^^^^^^
  File "/opt/airflow/pipelines/customers.py", line 43, in run
    customers.to_excel(os.path.join(OUTPUT_DIR, "customers.xlsx"), index=False)
  File "/home/airflow/.local/lib/python3.12/site-packages/pandas/core/generic.py", line 2345, in to_excel
    formatter.write(
  File "/home/airflow/.local/lib/python3.12/site-packages/pandas/io/formats/excel.py", line 946, in write
    writer = ExcelWriter(  # type: ignore[abstract]
             ^^^^^^^^^^^^^^^^^^^^^^^^^^^^^^^^^^^^^^
  File "/home/airflow/.local/lib/python3.12/site-packages/pandas/io/excel/_openpyxl.py", line 61, in __init__
    super().__init__(
  File "/home/airflow/.local/lib/python3.12/site-packages/pandas/io/excel/_base.py", line 1263, in __init__
    self._handles = get_handle(
                    ^^^^^^^^^^^
  File "/home/airflow/.local/lib/python3.12/site-packages/pandas/io/common.py", line 739, in get_handle
    check_parent_directory(str(handle))
  File "/home/airflow/.local/lib/python3.12/site-packages/pandas/io/common.py", line 604, in check_parent_directory
    raise OSError(rf"Cannot save file into a non-existent directory: '{parent}'")
OSError: Cannot save file into a non-existent directory: 'CleanedData'
[2026-06-17T11:15:42.613+0000] {taskinstance.py:1206} INFO - Marking task as UP_FOR_RETRY. dag_id=smartup_etl, task_id=customers, run_id=manual__2026-06-17T11:15:29.088486+00:00, execution_date=20260617T111529, start_date=20260617T111534, end_date=20260617T111542
[2026-06-17T11:15:42.628+0000] {standard_task_runner.py:110} ERROR - Failed to execute job 26 for task customers (Cannot save file into a non-existent directory: 'CleanedData'; 326)
[2026-06-17T11:15:42.668+0000] {local_task_job_runner.py:240} INFO - Task exited with return code 1
[2026-06-17T11:15:42.690+0000] {taskinstance.py:3498} INFO - 0 downstream tasks scheduled from follow-on schedule check
[2026-06-17T11:15:42.696+0000] {local_task_job_runner.py:222} INFO - ::endgroup::
