[2026-06-17T12:30:08.606+0000] {local_task_job_runner.py:120} INFO - ::group::Pre task execution logs
[2026-06-17T12:30:08.632+0000] {taskinstance.py:2076} INFO - Dependencies all met for dep_context=non-requeueable deps ti=<TaskInstance: smartup_etl.bank_statements manual__2026-06-17T12:28:27.029322+00:00 [queued]>
[2026-06-17T12:30:08.642+0000] {taskinstance.py:2076} INFO - Dependencies all met for dep_context=requeueable deps ti=<TaskInstance: smartup_etl.bank_statements manual__2026-06-17T12:28:27.029322+00:00 [queued]>
[2026-06-17T12:30:08.643+0000] {taskinstance.py:2306} INFO - Starting attempt 1 of 2
[2026-06-17T12:30:08.656+0000] {taskinstance.py:2330} INFO - Executing <Task(PythonOperator): bank_statements> on 2026-06-17 12:28:27.029322+00:00
[2026-06-17T12:30:08.665+0000] {logging_mixin.py:188} WARNING - /home/***/.local/lib/python3.12/site-packages/***/task/task_runner/standard_task_runner.py:61 DeprecationWarning: This process (pid=292) is multi-threaded, use of fork() may lead to deadlocks in the child.
[2026-06-17T12:30:08.667+0000] {standard_task_runner.py:63} INFO - Started process 295 to run task
[2026-06-17T12:30:08.665+0000] {standard_task_runner.py:90} INFO - Running: ['***', 'tasks', 'run', 'smartup_etl', 'bank_statements', 'manual__2026-06-17T12:28:27.029322+00:00', '--job-id', '70', '--raw', '--subdir', 'DAGS_FOLDER/smartup_etl_dag.py', '--cfg-path', '/tmp/tmpbelmutnv']
[2026-06-17T12:30:08.670+0000] {standard_task_runner.py:91} INFO - Job 70: Subtask bank_statements
[2026-06-17T12:30:08.746+0000] {task_command.py:426} INFO - Running <TaskInstance: smartup_etl.bank_statements manual__2026-06-17T12:28:27.029322+00:00 [running]> on host bda5cb736697
[2026-06-17T12:30:08.860+0000] {taskinstance.py:2648} INFO - Exporting env vars: AIRFLOW_CTX_DAG_OWNER='smartup-etl' AIRFLOW_CTX_DAG_ID='smartup_etl' AIRFLOW_CTX_TASK_ID='bank_statements' AIRFLOW_CTX_EXECUTION_DATE='2026-06-17T12:28:27.029322+00:00' AIRFLOW_CTX_TRY_NUMBER='1' AIRFLOW_CTX_DAG_RUN_ID='manual__2026-06-17T12:28:27.029322+00:00'
[2026-06-17T12:30:08.865+0000] {taskinstance.py:430} INFO - ::endgroup::
[2026-06-17T12:30:09.066+0000] {logging_mixin.py:188} INFO - === Bank statements pipeline boshlandi ===
[2026-06-17T12:30:11.326+0000] {logging_mixin.py:188} INFO - [WARN] Ma'lumot kelmadi
[2026-06-17T12:30:11.328+0000] {python.py:237} INFO - Done. Returned value was: None
[2026-06-17T12:30:11.330+0000] {taskinstance.py:441} INFO - ::group::Post task execution logs
[2026-06-17T12:30:11.349+0000] {taskinstance.py:1206} INFO - Marking task as SUCCESS. dag_id=smartup_etl, task_id=bank_statements, run_id=manual__2026-06-17T12:28:27.029322+00:00, execution_date=20260617T122827, start_date=20260617T123008, end_date=20260617T123011
[2026-06-17T12:30:11.384+0000] {local_task_job_runner.py:240} INFO - Task exited with return code 0
[2026-06-17T12:30:11.398+0000] {taskinstance.py:3498} INFO - 0 downstream tasks scheduled from follow-on schedule check
[2026-06-17T12:30:11.401+0000] {local_task_job_runner.py:222} INFO - ::endgroup::
