[2026-06-17T12:30:04.436+0000] {local_task_job_runner.py:120} INFO - ::group::Pre task execution logs
[2026-06-17T12:30:04.469+0000] {taskinstance.py:2076} INFO - Dependencies all met for dep_context=non-requeueable deps ti=<TaskInstance: smartup_etl.payment_from_client manual__2026-06-17T12:28:27.029322+00:00 [queued]>
[2026-06-17T12:30:04.481+0000] {taskinstance.py:2076} INFO - Dependencies all met for dep_context=requeueable deps ti=<TaskInstance: smartup_etl.payment_from_client manual__2026-06-17T12:28:27.029322+00:00 [queued]>
[2026-06-17T12:30:04.482+0000] {taskinstance.py:2306} INFO - Starting attempt 1 of 2
[2026-06-17T12:30:04.499+0000] {taskinstance.py:2330} INFO - Executing <Task(PythonOperator): payment_from_client> on 2026-06-17 12:28:27.029322+00:00
[2026-06-17T12:30:04.514+0000] {logging_mixin.py:188} WARNING - /home/***/.local/lib/python3.12/site-packages/***/task/task_runner/standard_task_runner.py:61 DeprecationWarning: This process (pid=288) is multi-threaded, use of fork() may lead to deadlocks in the child.
[2026-06-17T12:30:04.513+0000] {standard_task_runner.py:90} INFO - Running: ['***', 'tasks', 'run', 'smartup_etl', 'payment_from_client', 'manual__2026-06-17T12:28:27.029322+00:00', '--job-id', '69', '--raw', '--subdir', 'DAGS_FOLDER/smartup_etl_dag.py', '--cfg-path', '/tmp/tmpam7rxhv0']
[2026-06-17T12:30:04.516+0000] {standard_task_runner.py:63} INFO - Started process 290 to run task
[2026-06-17T12:30:04.516+0000] {standard_task_runner.py:91} INFO - Job 69: Subtask payment_from_client
[2026-06-17T12:30:04.616+0000] {task_command.py:426} INFO - Running <TaskInstance: smartup_etl.payment_from_client manual__2026-06-17T12:28:27.029322+00:00 [running]> on host bda5cb736697
[2026-06-17T12:30:04.727+0000] {taskinstance.py:2648} INFO - Exporting env vars: AIRFLOW_CTX_DAG_OWNER='smartup-etl' AIRFLOW_CTX_DAG_ID='smartup_etl' AIRFLOW_CTX_TASK_ID='payment_from_client' AIRFLOW_CTX_EXECUTION_DATE='2026-06-17T12:28:27.029322+00:00' AIRFLOW_CTX_TRY_NUMBER='1' AIRFLOW_CTX_DAG_RUN_ID='manual__2026-06-17T12:28:27.029322+00:00'
[2026-06-17T12:30:04.729+0000] {taskinstance.py:430} INFO - ::endgroup::
[2026-06-17T12:30:04.967+0000] {logging_mixin.py:188} INFO - === Payment from client pipeline boshlandi ===
[2026-06-17T12:30:07.463+0000] {logging_mixin.py:188} INFO - [OK] 4 ta yozuv olindi
[2026-06-17T12:30:07.699+0000] {logging_mixin.py:188} INFO - [DB] 'payment_from_client' — 4 ta qator yuklandi.
[2026-06-17T12:30:07.700+0000] {logging_mixin.py:188} INFO - === Payment from client pipeline tugadi ===
[2026-06-17T12:30:07.701+0000] {python.py:237} INFO - Done. Returned value was: None
[2026-06-17T12:30:07.702+0000] {taskinstance.py:441} INFO - ::group::Post task execution logs
[2026-06-17T12:30:07.712+0000] {taskinstance.py:1206} INFO - Marking task as SUCCESS. dag_id=smartup_etl, task_id=payment_from_client, run_id=manual__2026-06-17T12:28:27.029322+00:00, execution_date=20260617T122827, start_date=20260617T123004, end_date=20260617T123007
[2026-06-17T12:30:07.754+0000] {local_task_job_runner.py:240} INFO - Task exited with return code 0
[2026-06-17T12:30:07.785+0000] {taskinstance.py:3498} INFO - 2 downstream tasks scheduled from follow-on schedule check
[2026-06-17T12:30:07.788+0000] {local_task_job_runner.py:222} INFO - ::endgroup::
