[2026-06-17T12:07:25.398+0000] {local_task_job_runner.py:120} INFO - ::group::Pre task execution logs
[2026-06-17T12:07:25.435+0000] {taskinstance.py:2076} INFO - Dependencies all met for dep_context=non-requeueable deps ti=<TaskInstance: smartup_etl.return_to_supplier manual__2026-06-17T12:06:21.907733+00:00 [queued]>
[2026-06-17T12:07:25.444+0000] {taskinstance.py:2076} INFO - Dependencies all met for dep_context=requeueable deps ti=<TaskInstance: smartup_etl.return_to_supplier manual__2026-06-17T12:06:21.907733+00:00 [queued]>
[2026-06-17T12:07:25.445+0000] {taskinstance.py:2306} INFO - Starting attempt 1 of 2
[2026-06-17T12:07:25.470+0000] {taskinstance.py:2330} INFO - Executing <Task(PythonOperator): return_to_supplier> on 2026-06-17 12:06:21.907733+00:00
[2026-06-17T12:07:25.484+0000] {logging_mixin.py:188} WARNING - /home/***/.local/lib/python3.12/site-packages/***/task/task_runner/standard_task_runner.py:61 DeprecationWarning: This process (pid=337) is multi-threaded, use of fork() may lead to deadlocks in the child.
[2026-06-17T12:07:25.484+0000] {standard_task_runner.py:90} INFO - Running: ['***', 'tasks', 'run', 'smartup_etl', 'return_to_supplier', 'manual__2026-06-17T12:06:21.907733+00:00', '--job-id', '54', '--raw', '--subdir', 'DAGS_FOLDER/smartup_etl_dag.py', '--cfg-path', '/tmp/tmpl627x7bm']
[2026-06-17T12:07:25.487+0000] {standard_task_runner.py:63} INFO - Started process 345 to run task
[2026-06-17T12:07:25.487+0000] {standard_task_runner.py:91} INFO - Job 54: Subtask return_to_supplier
[2026-06-17T12:07:25.597+0000] {task_command.py:426} INFO - Running <TaskInstance: smartup_etl.return_to_supplier manual__2026-06-17T12:06:21.907733+00:00 [running]> on host a304f74f47f7
[2026-06-17T12:07:25.760+0000] {taskinstance.py:2648} INFO - Exporting env vars: AIRFLOW_CTX_DAG_OWNER='smartup-etl' AIRFLOW_CTX_DAG_ID='smartup_etl' AIRFLOW_CTX_TASK_ID='return_to_supplier' AIRFLOW_CTX_EXECUTION_DATE='2026-06-17T12:06:21.907733+00:00' AIRFLOW_CTX_TRY_NUMBER='1' AIRFLOW_CTX_DAG_RUN_ID='manual__2026-06-17T12:06:21.907733+00:00'
[2026-06-17T12:07:25.762+0000] {taskinstance.py:430} INFO - ::endgroup::
[2026-06-17T12:07:25.783+0000] {logging_mixin.py:188} INFO - === Return to Supplier pipeline ===
[2026-06-17T12:07:29.645+0000] {logging_mixin.py:188} INFO - [WARN] Ma'lumot kelmadi
[2026-06-17T12:07:29.650+0000] {python.py:237} INFO - Done. Returned value was: None
[2026-06-17T12:07:29.653+0000] {taskinstance.py:441} INFO - ::group::Post task execution logs
[2026-06-17T12:07:29.681+0000] {taskinstance.py:1206} INFO - Marking task as SUCCESS. dag_id=smartup_etl, task_id=return_to_supplier, run_id=manual__2026-06-17T12:06:21.907733+00:00, execution_date=20260617T120621, start_date=20260617T120725, end_date=20260617T120729
[2026-06-17T12:07:29.734+0000] {local_task_job_runner.py:240} INFO - Task exited with return code 0
[2026-06-17T12:07:29.751+0000] {taskinstance.py:3498} INFO - 0 downstream tasks scheduled from follow-on schedule check
[2026-06-17T12:07:29.754+0000] {local_task_job_runner.py:222} INFO - ::endgroup::
