[2026-06-17T15:15:25.956+0000] {local_task_job_runner.py:120} INFO - ::group::Pre task execution logs
[2026-06-17T15:15:26.010+0000] {taskinstance.py:2076} INFO - Dependencies all met for dep_context=non-requeueable deps ti=<TaskInstance: smartup_etl.visits manual__2026-06-17T15:14:23.365182+00:00 [queued]>
[2026-06-17T15:15:26.028+0000] {taskinstance.py:2076} INFO - Dependencies all met for dep_context=requeueable deps ti=<TaskInstance: smartup_etl.visits manual__2026-06-17T15:14:23.365182+00:00 [queued]>
[2026-06-17T15:15:26.029+0000] {taskinstance.py:2306} INFO - Starting attempt 1 of 2
[2026-06-17T15:15:26.049+0000] {taskinstance.py:2330} INFO - Executing <Task(PythonOperator): visits> on 2026-06-17 15:14:23.365182+00:00
[2026-06-17T15:15:26.063+0000] {standard_task_runner.py:90} INFO - Running: ['***', 'tasks', 'run', 'smartup_etl', 'visits', 'manual__2026-06-17T15:14:23.365182+00:00', '--job-id', '81', '--raw', '--subdir', 'DAGS_FOLDER/smartup_etl_dag.py', '--cfg-path', '/tmp/tmprfd6utf0']
[2026-06-17T15:15:26.067+0000] {standard_task_runner.py:91} INFO - Job 81: Subtask visits
[2026-06-17T15:15:26.066+0000] {logging_mixin.py:188} WARNING - /home/***/.local/lib/python3.12/site-packages/***/task/task_runner/standard_task_runner.py:61 DeprecationWarning: This process (pid=258) is multi-threaded, use of fork() may lead to deadlocks in the child.
[2026-06-17T15:15:26.069+0000] {standard_task_runner.py:63} INFO - Started process 266 to run task
[2026-06-17T15:15:26.185+0000] {task_command.py:426} INFO - Running <TaskInstance: smartup_etl.visits manual__2026-06-17T15:14:23.365182+00:00 [running]> on host 4f6ec9c5bd1d
[2026-06-17T15:15:26.341+0000] {taskinstance.py:2648} INFO - Exporting env vars: AIRFLOW_CTX_DAG_OWNER='smartup-etl' AIRFLOW_CTX_DAG_ID='smartup_etl' AIRFLOW_CTX_TASK_ID='visits' AIRFLOW_CTX_EXECUTION_DATE='2026-06-17T15:14:23.365182+00:00' AIRFLOW_CTX_TRY_NUMBER='1' AIRFLOW_CTX_DAG_RUN_ID='manual__2026-06-17T15:14:23.365182+00:00'
[2026-06-17T15:15:26.344+0000] {taskinstance.py:430} INFO - ::endgroup::
[2026-06-17T15:15:26.606+0000] {logging_mixin.py:188} INFO - === Visits pipeline ===
[2026-06-17T15:15:28.397+0000] {logging_mixin.py:188} INFO - [OK] 4 ta yozuv olindi
[2026-06-17T15:15:28.996+0000] {logging_mixin.py:188} INFO - [DB] 'visit_headers' — 4 ta qator yuklandi.
[2026-06-17T15:15:29.230+0000] {logging_mixin.py:188} INFO - [DB] 'visit_stocks' — 6 ta qator yuklandi.
[2026-06-17T15:15:29.464+0000] {logging_mixin.py:188} INFO - [DB] 'visit_comments' — 4 ta qator yuklandi.
[2026-06-17T15:15:29.465+0000] {logging_mixin.py:188} INFO - === Visits pipeline tugadi ===
[2026-06-17T15:15:29.468+0000] {python.py:237} INFO - Done. Returned value was: None
[2026-06-17T15:15:29.469+0000] {taskinstance.py:441} INFO - ::group::Post task execution logs
[2026-06-17T15:15:29.482+0000] {taskinstance.py:1206} INFO - Marking task as SUCCESS. dag_id=smartup_etl, task_id=visits, run_id=manual__2026-06-17T15:14:23.365182+00:00, execution_date=20260617T151423, start_date=20260617T151526, end_date=20260617T151529
[2026-06-17T15:15:29.510+0000] {local_task_job_runner.py:240} INFO - Task exited with return code 0
[2026-06-17T15:15:29.538+0000] {taskinstance.py:3498} INFO - 1 downstream tasks scheduled from follow-on schedule check
[2026-06-17T15:15:29.542+0000] {local_task_job_runner.py:222} INFO - ::endgroup::
