[2026-06-17T10:03:09.726+0000] {local_task_job_runner.py:120} INFO - ::group::Pre task execution logs
[2026-06-17T10:03:09.807+0000] {taskinstance.py:2076} INFO - Dependencies all met for dep_context=non-requeueable deps ti=<TaskInstance: smartup_etl.products scheduled__2026-06-16T02:00:00+00:00 [queued]>
[2026-06-17T10:03:09.824+0000] {taskinstance.py:2076} INFO - Dependencies all met for dep_context=requeueable deps ti=<TaskInstance: smartup_etl.products scheduled__2026-06-16T02:00:00+00:00 [queued]>
[2026-06-17T10:03:09.825+0000] {taskinstance.py:2306} INFO - Starting attempt 1 of 2
[2026-06-17T10:03:09.859+0000] {taskinstance.py:2330} INFO - Executing <Task(PythonOperator): products> on 2026-06-16 02:00:00+00:00
[2026-06-17T10:03:09.880+0000] {logging_mixin.py:188} WARNING - /home/***/.local/lib/python3.12/site-packages/***/task/task_runner/standard_task_runner.py:61 DeprecationWarning: This process (pid=368) is multi-threaded, use of fork() may lead to deadlocks in the child.
[2026-06-17T10:03:09.892+0000] {standard_task_runner.py:63} INFO - Started process 379 to run task
[2026-06-17T10:03:09.885+0000] {standard_task_runner.py:90} INFO - Running: ['***', 'tasks', 'run', 'smartup_etl', 'products', 'scheduled__2026-06-16T02:00:00+00:00', '--job-id', '4', '--raw', '--subdir', 'DAGS_FOLDER/smartup_etl_dag.py', '--cfg-path', '/tmp/tmpdkxz570e']
[2026-06-17T10:03:09.895+0000] {standard_task_runner.py:91} INFO - Job 4: Subtask products
[2026-06-17T10:03:10.199+0000] {task_command.py:426} INFO - Running <TaskInstance: smartup_etl.products scheduled__2026-06-16T02:00:00+00:00 [running]> on host b43aa923e2e5
[2026-06-17T10:03:10.448+0000] {taskinstance.py:2648} INFO - Exporting env vars: AIRFLOW_CTX_DAG_OWNER='smartup-etl' AIRFLOW_CTX_DAG_ID='smartup_etl' AIRFLOW_CTX_TASK_ID='products' AIRFLOW_CTX_EXECUTION_DATE='2026-06-16T02:00:00+00:00' AIRFLOW_CTX_TRY_NUMBER='1' AIRFLOW_CTX_DAG_RUN_ID='scheduled__2026-06-16T02:00:00+00:00'
[2026-06-17T10:03:10.451+0000] {taskinstance.py:430} INFO - ::endgroup::
[2026-06-17T10:03:11.993+0000] {logging_mixin.py:188} INFO - === Products pipeline ===
[2026-06-17T10:03:11.998+0000] {logging_mixin.py:188} INFO - [FETCH] https://smartup.online/b/anor/mxsx/mr/inventory$export
[2026-06-17T10:03:37.633+0000] {logging_mixin.py:188} INFO - [OK] 17887 ta yozuv olindi
[2026-06-17T10:03:38.019+0000] {taskinstance.py:441} INFO - ::group::Post task execution logs
[2026-06-17T10:03:38.020+0000] {taskinstance.py:2905} ERROR - Task failed with exception
Traceback (most recent call last):
  File "/home/airflow/.local/lib/python3.12/site-packages/airflow/models/taskinstance.py", line 465, in _execute_task
    result = _execute_callable(context=context, **execute_callable_kwargs)
             ^^^^^^^^^^^^^^^^^^^^^^^^^^^^^^^^^^^^^^^^^^^^^^^^^^^^^^^^^^^^^
  File "/home/airflow/.local/lib/python3.12/site-packages/airflow/models/taskinstance.py", line 432, in _execute_callable
    return execute_callable(context=context, **execute_callable_kwargs)
           ^^^^^^^^^^^^^^^^^^^^^^^^^^^^^^^^^^^^^^^^^^^^^^^^^^^^^^^^^^^^
  File "/home/airflow/.local/lib/python3.12/site-packages/airflow/models/baseoperator.py", line 400, in wrapper
    return func(self, *args, **kwargs)
           ^^^^^^^^^^^^^^^^^^^^^^^^^^^
  File "/home/airflow/.local/lib/python3.12/site-packages/airflow/operators/python.py", line 235, in execute
    return_value = self.execute_callable()
                   ^^^^^^^^^^^^^^^^^^^^^^^
  File "/home/airflow/.local/lib/python3.12/site-packages/airflow/operators/python.py", line 252, in execute_callable
    return self.python_callable(*self.op_args, **self.op_kwargs)
           ^^^^^^^^^^^^^^^^^^^^^^^^^^^^^^^^^^^^^^^^^^^^^^^^^^^^^
  File "/opt/airflow/pipelines/products.py", line 134, in run
    products.to_excel(os.path.join(OUTPUT_DIR, "products.xlsx"),               index=False)
  File "/home/airflow/.local/lib/python3.12/site-packages/pandas/core/generic.py", line 2345, in to_excel
    formatter.write(
  File "/home/airflow/.local/lib/python3.12/site-packages/pandas/io/formats/excel.py", line 946, in write
    writer = ExcelWriter(  # type: ignore[abstract]
             ^^^^^^^^^^^^^^^^^^^^^^^^^^^^^^^^^^^^^^
  File "/home/airflow/.local/lib/python3.12/site-packages/pandas/io/excel/_openpyxl.py", line 57, in __init__
    from openpyxl.workbook import Workbook
ModuleNotFoundError: No module named 'openpyxl'
[2026-06-17T10:03:38.038+0000] {taskinstance.py:1206} INFO - Marking task as UP_FOR_RETRY. dag_id=smartup_etl, task_id=products, run_id=scheduled__2026-06-16T02:00:00+00:00, execution_date=20260616T020000, start_date=20260617T100309, end_date=20260617T100338
[2026-06-17T10:03:38.053+0000] {standard_task_runner.py:110} ERROR - Failed to execute job 4 for task products (No module named 'openpyxl'; 379)
[2026-06-17T10:03:38.091+0000] {local_task_job_runner.py:240} INFO - Task exited with return code 1
[2026-06-17T10:03:38.121+0000] {taskinstance.py:3498} INFO - 0 downstream tasks scheduled from follow-on schedule check
[2026-06-17T10:03:38.125+0000] {local_task_job_runner.py:222} INFO - ::endgroup::
