[2026-06-17T12:28:29.894+0000] {local_task_job_runner.py:120} INFO - ::group::Pre task execution logs
[2026-06-17T12:28:29.983+0000] {taskinstance.py:2076} INFO - Dependencies all met for dep_context=non-requeueable deps ti=<TaskInstance: smartup_etl.products manual__2026-06-17T12:28:27.029322+00:00 [queued]>
[2026-06-17T12:28:29.999+0000] {taskinstance.py:2076} INFO - Dependencies all met for dep_context=requeueable deps ti=<TaskInstance: smartup_etl.products manual__2026-06-17T12:28:27.029322+00:00 [queued]>
[2026-06-17T12:28:30.000+0000] {taskinstance.py:2306} INFO - Starting attempt 1 of 2
[2026-06-17T12:28:30.038+0000] {taskinstance.py:2330} INFO - Executing <Task(PythonOperator): products> on 2026-06-17 12:28:27.029322+00:00
[2026-06-17T12:28:30.085+0000] {logging_mixin.py:188} WARNING - /home/***/.local/lib/python3.12/site-packages/***/task/task_runner/standard_task_runner.py:61 DeprecationWarning: This process (pid=240) is multi-threaded, use of fork() may lead to deadlocks in the child.
[2026-06-17T12:28:30.074+0000] {standard_task_runner.py:90} INFO - Running: ['***', 'tasks', 'run', 'smartup_etl', 'products', 'manual__2026-06-17T12:28:27.029322+00:00', '--job-id', '62', '--raw', '--subdir', 'DAGS_FOLDER/smartup_etl_dag.py', '--cfg-path', '/tmp/tmpc83mgr0f']
[2026-06-17T12:28:30.099+0000] {standard_task_runner.py:63} INFO - Started process 253 to run task
[2026-06-17T12:28:30.102+0000] {standard_task_runner.py:91} INFO - Job 62: Subtask products
[2026-06-17T12:28:30.566+0000] {task_command.py:426} INFO - Running <TaskInstance: smartup_etl.products manual__2026-06-17T12:28:27.029322+00:00 [running]> on host bda5cb736697
[2026-06-17T12:28:30.948+0000] {taskinstance.py:2648} INFO - Exporting env vars: AIRFLOW_CTX_DAG_OWNER='smartup-etl' AIRFLOW_CTX_DAG_ID='smartup_etl' AIRFLOW_CTX_TASK_ID='products' AIRFLOW_CTX_EXECUTION_DATE='2026-06-17T12:28:27.029322+00:00' AIRFLOW_CTX_TRY_NUMBER='1' AIRFLOW_CTX_DAG_RUN_ID='manual__2026-06-17T12:28:27.029322+00:00'
[2026-06-17T12:28:30.954+0000] {taskinstance.py:430} INFO - ::endgroup::
[2026-06-17T12:28:33.735+0000] {logging_mixin.py:188} INFO - === Products pipeline ===
[2026-06-17T12:28:33.741+0000] {logging_mixin.py:188} INFO - [FETCH] https://smartup.online/b/anor/mxsx/mr/inventory$export
[2026-06-17T12:29:11.240+0000] {logging_mixin.py:188} INFO - [OK] 17887 ta yozuv olindi
[2026-06-17T12:29:13.146+0000] {logging_mixin.py:188} INFO - [DB] 'products' — 3117 ta qator yuklandi.
[2026-06-17T12:29:13.391+0000] {logging_mixin.py:188} INFO - [DB] 'product_group' — 8733 ta qator yuklandi.
[2026-06-17T12:29:13.628+0000] {logging_mixin.py:188} INFO - [DB] 'product_inventory_kind' — 3134 ta qator yuklandi.
[2026-06-17T12:29:13.713+0000] {logging_mixin.py:188} INFO - [DB] 'product_sector' — 110 ta qator yuklandi.
[2026-06-17T12:29:13.714+0000] {logging_mixin.py:188} INFO - === Products pipeline tugadi ===
[2026-06-17T12:29:13.732+0000] {python.py:237} INFO - Done. Returned value was: None
[2026-06-17T12:29:13.734+0000] {taskinstance.py:441} INFO - ::group::Post task execution logs
[2026-06-17T12:29:13.745+0000] {taskinstance.py:1206} INFO - Marking task as SUCCESS. dag_id=smartup_etl, task_id=products, run_id=manual__2026-06-17T12:28:27.029322+00:00, execution_date=20260617T122827, start_date=20260617T122829, end_date=20260617T122913
[2026-06-17T12:29:13.795+0000] {local_task_job_runner.py:240} INFO - Task exited with return code 0
[2026-06-17T12:29:13.820+0000] {taskinstance.py:3498} INFO - 0 downstream tasks scheduled from follow-on schedule check
[2026-06-17T12:29:13.823+0000] {local_task_job_runner.py:222} INFO - ::endgroup::
