[2026-06-17T15:15:34.471+0000] {local_task_job_runner.py:120} INFO - ::group::Pre task execution logs
[2026-06-17T15:15:34.512+0000] {taskinstance.py:2076} INFO - Dependencies all met for dep_context=non-requeueable deps ti=<TaskInstance: smartup_etl.cash_operations manual__2026-06-17T15:14:23.365182+00:00 [queued]>
[2026-06-17T15:15:34.524+0000] {taskinstance.py:2076} INFO - Dependencies all met for dep_context=requeueable deps ti=<TaskInstance: smartup_etl.cash_operations manual__2026-06-17T15:14:23.365182+00:00 [queued]>
[2026-06-17T15:15:34.525+0000] {taskinstance.py:2306} INFO - Starting attempt 1 of 2
[2026-06-17T15:15:34.543+0000] {taskinstance.py:2330} INFO - Executing <Task(PythonOperator): cash_operations> on 2026-06-17 15:14:23.365182+00:00
[2026-06-17T15:15:34.554+0000] {logging_mixin.py:188} WARNING - /home/***/.local/lib/python3.12/site-packages/***/task/task_runner/standard_task_runner.py:61 DeprecationWarning: This process (pid=273) is multi-threaded, use of fork() may lead to deadlocks in the child.
[2026-06-17T15:15:34.557+0000] {standard_task_runner.py:63} INFO - Started process 278 to run task
[2026-06-17T15:15:34.555+0000] {standard_task_runner.py:90} INFO - Running: ['***', 'tasks', 'run', 'smartup_etl', 'cash_operations', 'manual__2026-06-17T15:14:23.365182+00:00', '--job-id', '85', '--raw', '--subdir', 'DAGS_FOLDER/smartup_etl_dag.py', '--cfg-path', '/tmp/tmps0jk3zuu']
[2026-06-17T15:15:34.559+0000] {standard_task_runner.py:91} INFO - Job 85: Subtask cash_operations
[2026-06-17T15:15:34.660+0000] {task_command.py:426} INFO - Running <TaskInstance: smartup_etl.cash_operations manual__2026-06-17T15:14:23.365182+00:00 [running]> on host 4f6ec9c5bd1d
[2026-06-17T15:15:34.774+0000] {taskinstance.py:2648} INFO - Exporting env vars: AIRFLOW_CTX_DAG_OWNER='smartup-etl' AIRFLOW_CTX_DAG_ID='smartup_etl' AIRFLOW_CTX_TASK_ID='cash_operations' AIRFLOW_CTX_EXECUTION_DATE='2026-06-17T15:14:23.365182+00:00' AIRFLOW_CTX_TRY_NUMBER='1' AIRFLOW_CTX_DAG_RUN_ID='manual__2026-06-17T15:14:23.365182+00:00'
[2026-06-17T15:15:34.776+0000] {taskinstance.py:430} INFO - ::endgroup::
[2026-06-17T15:15:35.064+0000] {logging_mixin.py:188} INFO - === Cash operations pipeline boshlandi ===
[2026-06-17T15:15:36.923+0000] {logging_mixin.py:188} INFO - [OK] 5 ta yozuv olindi
[2026-06-17T15:15:37.255+0000] {logging_mixin.py:188} INFO - [DB] 'cash_operations' — 5 ta qator yuklandi.
[2026-06-17T15:15:37.256+0000] {logging_mixin.py:188} INFO - === Cash operations pipeline tugadi ===
[2026-06-17T15:15:37.257+0000] {python.py:237} INFO - Done. Returned value was: None
[2026-06-17T15:15:37.258+0000] {taskinstance.py:441} INFO - ::group::Post task execution logs
[2026-06-17T15:15:37.268+0000] {taskinstance.py:1206} INFO - Marking task as SUCCESS. dag_id=smartup_etl, task_id=cash_operations, run_id=manual__2026-06-17T15:14:23.365182+00:00, execution_date=20260617T151423, start_date=20260617T151534, end_date=20260617T151537
[2026-06-17T15:15:37.313+0000] {local_task_job_runner.py:240} INFO - Task exited with return code 0
[2026-06-17T15:15:37.330+0000] {taskinstance.py:3498} INFO - 0 downstream tasks scheduled from follow-on schedule check
[2026-06-17T15:15:37.334+0000] {local_task_job_runner.py:222} INFO - ::endgroup::
