[2026-06-17T15:15:25.956+0000] {local_task_job_runner.py:120} INFO - ::group::Pre task execution logs
[2026-06-17T15:15:26.011+0000] {taskinstance.py:2076} INFO - Dependencies all met for dep_context=non-requeueable deps ti=<TaskInstance: smartup_etl.writeoff manual__2026-06-17T15:14:23.365182+00:00 [queued]>
[2026-06-17T15:15:26.030+0000] {taskinstance.py:2076} INFO - Dependencies all met for dep_context=requeueable deps ti=<TaskInstance: smartup_etl.writeoff manual__2026-06-17T15:14:23.365182+00:00 [queued]>
[2026-06-17T15:15:26.031+0000] {taskinstance.py:2306} INFO - Starting attempt 1 of 2
[2026-06-17T15:15:26.052+0000] {taskinstance.py:2330} INFO - Executing <Task(PythonOperator): writeoff> on 2026-06-17 15:14:23.365182+00:00
[2026-06-17T15:15:26.066+0000] {logging_mixin.py:188} WARNING - /home/***/.local/lib/python3.12/site-packages/***/task/task_runner/standard_task_runner.py:61 DeprecationWarning: This process (pid=260) is multi-threaded, use of fork() may lead to deadlocks in the child.
[2026-06-17T15:15:26.068+0000] {standard_task_runner.py:63} INFO - Started process 267 to run task
[2026-06-17T15:15:26.066+0000] {standard_task_runner.py:90} INFO - Running: ['***', 'tasks', 'run', 'smartup_etl', 'writeoff', 'manual__2026-06-17T15:14:23.365182+00:00', '--job-id', '80', '--raw', '--subdir', 'DAGS_FOLDER/smartup_etl_dag.py', '--cfg-path', '/tmp/tmpj_farhue']
[2026-06-17T15:15:26.069+0000] {standard_task_runner.py:91} INFO - Job 80: Subtask writeoff
[2026-06-17T15:15:26.178+0000] {task_command.py:426} INFO - Running <TaskInstance: smartup_etl.writeoff manual__2026-06-17T15:14:23.365182+00:00 [running]> on host 4f6ec9c5bd1d
[2026-06-17T15:15:26.338+0000] {taskinstance.py:2648} INFO - Exporting env vars: AIRFLOW_CTX_DAG_OWNER='smartup-etl' AIRFLOW_CTX_DAG_ID='smartup_etl' AIRFLOW_CTX_TASK_ID='writeoff' AIRFLOW_CTX_EXECUTION_DATE='2026-06-17T15:14:23.365182+00:00' AIRFLOW_CTX_TRY_NUMBER='1' AIRFLOW_CTX_DAG_RUN_ID='manual__2026-06-17T15:14:23.365182+00:00'
[2026-06-17T15:15:26.340+0000] {taskinstance.py:430} INFO - ::endgroup::
[2026-06-17T15:15:26.606+0000] {logging_mixin.py:188} INFO - === Writeoff pipeline ===
[2026-06-17T15:15:28.470+0000] {logging_mixin.py:188} INFO - [OK] 1 ta yozuv olindi
[2026-06-17T15:15:28.484+0000] {logging_mixin.py:188} WARNING - /opt/***/pipelines/writeoff.py:21 SettingWithCopyWarning: 
A value is trying to be set on a copy of a slice from a DataFrame.
Try using .loc[row_indexer,col_indexer] = value instead

See the caveats in the documentation: https://pandas.pydata.org/pandas-docs/stable/user_guide/indexing.html#returning-a-view-versus-a-copy
[2026-06-17T15:15:28.491+0000] {logging_mixin.py:188} WARNING - /opt/***/pipelines/writeoff.py:22 SettingWithCopyWarning: 
A value is trying to be set on a copy of a slice from a DataFrame.
Try using .loc[row_indexer,col_indexer] = value instead

See the caveats in the documentation: https://pandas.pydata.org/pandas-docs/stable/user_guide/indexing.html#returning-a-view-versus-a-copy
[2026-06-17T15:15:28.495+0000] {logging_mixin.py:188} WARNING - /opt/***/pipelines/writeoff.py:23 SettingWithCopyWarning: 
A value is trying to be set on a copy of a slice from a DataFrame.
Try using .loc[row_indexer,col_indexer] = value instead

See the caveats in the documentation: https://pandas.pydata.org/pandas-docs/stable/user_guide/indexing.html#returning-a-view-versus-a-copy
[2026-06-17T15:15:28.996+0000] {logging_mixin.py:188} INFO - [DB] 'writeoff' — 1 ta qator yuklandi.
[2026-06-17T15:15:29.253+0000] {logging_mixin.py:188} INFO - [DB] 'writeoff_items' — 1 ta qator yuklandi.
[2026-06-17T15:15:29.254+0000] {logging_mixin.py:188} INFO - === Writeoff pipeline tugadi ===
[2026-06-17T15:15:29.260+0000] {python.py:237} INFO - Done. Returned value was: None
[2026-06-17T15:15:29.263+0000] {taskinstance.py:441} INFO - ::group::Post task execution logs
[2026-06-17T15:15:29.282+0000] {taskinstance.py:1206} INFO - Marking task as SUCCESS. dag_id=smartup_etl, task_id=writeoff, run_id=manual__2026-06-17T15:14:23.365182+00:00, execution_date=20260617T151423, start_date=20260617T151526, end_date=20260617T151529
[2026-06-17T15:15:29.350+0000] {local_task_job_runner.py:240} INFO - Task exited with return code 0
[2026-06-17T15:15:29.388+0000] {taskinstance.py:3498} INFO - 0 downstream tasks scheduled from follow-on schedule check
[2026-06-17T15:15:29.408+0000] {local_task_job_runner.py:222} INFO - ::endgroup::
