[2026-06-17T15:15:26.018+0000] {local_task_job_runner.py:120} INFO - ::group::Pre task execution logs
[2026-06-17T15:15:26.074+0000] {taskinstance.py:2076} INFO - Dependencies all met for dep_context=non-requeueable deps ti=<TaskInstance: smartup_etl.return_to_supplier manual__2026-06-17T15:14:23.365182+00:00 [queued]>
[2026-06-17T15:15:26.103+0000] {taskinstance.py:2076} INFO - Dependencies all met for dep_context=requeueable deps ti=<TaskInstance: smartup_etl.return_to_supplier manual__2026-06-17T15:14:23.365182+00:00 [queued]>
[2026-06-17T15:15:26.108+0000] {taskinstance.py:2306} INFO - Starting attempt 1 of 2
[2026-06-17T15:15:26.128+0000] {taskinstance.py:2330} INFO - Executing <Task(PythonOperator): return_to_supplier> on 2026-06-17 15:14:23.365182+00:00
[2026-06-17T15:15:26.144+0000] {logging_mixin.py:188} WARNING - /home/***/.local/lib/python3.12/site-packages/***/task/task_runner/standard_task_runner.py:61 DeprecationWarning: This process (pid=261) is multi-threaded, use of fork() may lead to deadlocks in the child.
[2026-06-17T15:15:26.140+0000] {standard_task_runner.py:90} INFO - Running: ['***', 'tasks', 'run', 'smartup_etl', 'return_to_supplier', 'manual__2026-06-17T15:14:23.365182+00:00', '--job-id', '82', '--raw', '--subdir', 'DAGS_FOLDER/smartup_etl_dag.py', '--cfg-path', '/tmp/tmpc55yc86o']
[2026-06-17T15:15:26.145+0000] {standard_task_runner.py:63} INFO - Started process 269 to run task
[2026-06-17T15:15:26.145+0000] {standard_task_runner.py:91} INFO - Job 82: Subtask return_to_supplier
[2026-06-17T15:15:26.260+0000] {task_command.py:426} INFO - Running <TaskInstance: smartup_etl.return_to_supplier manual__2026-06-17T15:14:23.365182+00:00 [running]> on host 4f6ec9c5bd1d
[2026-06-17T15:15:26.404+0000] {taskinstance.py:2648} INFO - Exporting env vars: AIRFLOW_CTX_DAG_OWNER='smartup-etl' AIRFLOW_CTX_DAG_ID='smartup_etl' AIRFLOW_CTX_TASK_ID='return_to_supplier' AIRFLOW_CTX_EXECUTION_DATE='2026-06-17T15:14:23.365182+00:00' AIRFLOW_CTX_TRY_NUMBER='1' AIRFLOW_CTX_DAG_RUN_ID='manual__2026-06-17T15:14:23.365182+00:00'
[2026-06-17T15:15:26.407+0000] {taskinstance.py:430} INFO - ::endgroup::
[2026-06-17T15:15:26.741+0000] {logging_mixin.py:188} INFO - === Return to Supplier pipeline ===
[2026-06-17T15:15:28.393+0000] {logging_mixin.py:188} INFO - [WARN] Ma'lumot kelmadi
[2026-06-17T15:15:28.396+0000] {python.py:237} INFO - Done. Returned value was: None
[2026-06-17T15:15:28.405+0000] {taskinstance.py:441} INFO - ::group::Post task execution logs
[2026-06-17T15:15:28.433+0000] {taskinstance.py:1206} INFO - Marking task as SUCCESS. dag_id=smartup_etl, task_id=return_to_supplier, run_id=manual__2026-06-17T15:14:23.365182+00:00, execution_date=20260617T151423, start_date=20260617T151526, end_date=20260617T151528
[2026-06-17T15:15:28.498+0000] {local_task_job_runner.py:240} INFO - Task exited with return code 0
[2026-06-17T15:15:28.529+0000] {taskinstance.py:3498} INFO - 0 downstream tasks scheduled from follow-on schedule check
[2026-06-17T15:15:28.535+0000] {local_task_job_runner.py:222} INFO - ::endgroup::
