[2026-06-17T12:07:25.376+0000] {local_task_job_runner.py:120} INFO - ::group::Pre task execution logs
[2026-06-17T12:07:25.416+0000] {taskinstance.py:2076} INFO - Dependencies all met for dep_context=non-requeueable deps ti=<TaskInstance: smartup_etl.writeoff manual__2026-06-17T12:06:21.907733+00:00 [queued]>
[2026-06-17T12:07:25.427+0000] {taskinstance.py:2076} INFO - Dependencies all met for dep_context=requeueable deps ti=<TaskInstance: smartup_etl.writeoff manual__2026-06-17T12:06:21.907733+00:00 [queued]>
[2026-06-17T12:07:25.428+0000] {taskinstance.py:2306} INFO - Starting attempt 1 of 2
[2026-06-17T12:07:25.450+0000] {taskinstance.py:2330} INFO - Executing <Task(PythonOperator): writeoff> on 2026-06-17 12:06:21.907733+00:00
[2026-06-17T12:07:25.462+0000] {logging_mixin.py:188} WARNING - /home/***/.local/lib/python3.12/site-packages/***/task/task_runner/standard_task_runner.py:61 DeprecationWarning: This process (pid=335) is multi-threaded, use of fork() may lead to deadlocks in the child.
[2026-06-17T12:07:25.461+0000] {standard_task_runner.py:90} INFO - Running: ['***', 'tasks', 'run', 'smartup_etl', 'writeoff', 'manual__2026-06-17T12:06:21.907733+00:00', '--job-id', '52', '--raw', '--subdir', 'DAGS_FOLDER/smartup_etl_dag.py', '--cfg-path', '/tmp/tmprf2bbvcs']
[2026-06-17T12:07:25.465+0000] {standard_task_runner.py:63} INFO - Started process 343 to run task
[2026-06-17T12:07:25.466+0000] {standard_task_runner.py:91} INFO - Job 52: Subtask writeoff
[2026-06-17T12:07:25.574+0000] {task_command.py:426} INFO - Running <TaskInstance: smartup_etl.writeoff manual__2026-06-17T12:06:21.907733+00:00 [running]> on host a304f74f47f7
[2026-06-17T12:07:25.726+0000] {taskinstance.py:2648} INFO - Exporting env vars: AIRFLOW_CTX_DAG_OWNER='smartup-etl' AIRFLOW_CTX_DAG_ID='smartup_etl' AIRFLOW_CTX_TASK_ID='writeoff' AIRFLOW_CTX_EXECUTION_DATE='2026-06-17T12:06:21.907733+00:00' AIRFLOW_CTX_TRY_NUMBER='1' AIRFLOW_CTX_DAG_RUN_ID='manual__2026-06-17T12:06:21.907733+00:00'
[2026-06-17T12:07:25.729+0000] {taskinstance.py:430} INFO - ::endgroup::
[2026-06-17T12:07:25.755+0000] {logging_mixin.py:188} INFO - === Writeoff pipeline ===
[2026-06-17T12:07:29.645+0000] {logging_mixin.py:188} INFO - [OK] 1 ta yozuv olindi
[2026-06-17T12:07:29.665+0000] {logging_mixin.py:188} WARNING - /opt/***/pipelines/writeoff.py:21 SettingWithCopyWarning: 
A value is trying to be set on a copy of a slice from a DataFrame.
Try using .loc[row_indexer,col_indexer] = value instead

See the caveats in the documentation: https://pandas.pydata.org/pandas-docs/stable/user_guide/indexing.html#returning-a-view-versus-a-copy
[2026-06-17T12:07:29.670+0000] {logging_mixin.py:188} WARNING - /opt/***/pipelines/writeoff.py:22 SettingWithCopyWarning: 
A value is trying to be set on a copy of a slice from a DataFrame.
Try using .loc[row_indexer,col_indexer] = value instead

See the caveats in the documentation: https://pandas.pydata.org/pandas-docs/stable/user_guide/indexing.html#returning-a-view-versus-a-copy
[2026-06-17T12:07:29.674+0000] {logging_mixin.py:188} WARNING - /opt/***/pipelines/writeoff.py:23 SettingWithCopyWarning: 
A value is trying to be set on a copy of a slice from a DataFrame.
Try using .loc[row_indexer,col_indexer] = value instead

See the caveats in the documentation: https://pandas.pydata.org/pandas-docs/stable/user_guide/indexing.html#returning-a-view-versus-a-copy
[2026-06-17T12:07:30.022+0000] {logging_mixin.py:188} INFO - [DB] 'writeoff' — 1 ta qator yuklandi.
[2026-06-17T12:07:30.130+0000] {logging_mixin.py:188} INFO - [DB] 'writeoff_items' — 1 ta qator yuklandi.
[2026-06-17T12:07:30.131+0000] {logging_mixin.py:188} INFO - === Writeoff pipeline tugadi ===
[2026-06-17T12:07:30.133+0000] {python.py:237} INFO - Done. Returned value was: None
[2026-06-17T12:07:30.134+0000] {taskinstance.py:441} INFO - ::group::Post task execution logs
[2026-06-17T12:07:30.147+0000] {taskinstance.py:1206} INFO - Marking task as SUCCESS. dag_id=smartup_etl, task_id=writeoff, run_id=manual__2026-06-17T12:06:21.907733+00:00, execution_date=20260617T120621, start_date=20260617T120725, end_date=20260617T120730
[2026-06-17T12:07:30.194+0000] {local_task_job_runner.py:240} INFO - Task exited with return code 0
[2026-06-17T12:07:30.216+0000] {taskinstance.py:3498} INFO - 0 downstream tasks scheduled from follow-on schedule check
[2026-06-17T12:07:30.219+0000] {local_task_job_runner.py:222} INFO - ::endgroup::
