[2026-06-17T12:07:25.376+0000] {local_task_job_runner.py:120} INFO - ::group::Pre task execution logs
[2026-06-17T12:07:25.415+0000] {taskinstance.py:2076} INFO - Dependencies all met for dep_context=non-requeueable deps ti=<TaskInstance: smartup_etl.returns manual__2026-06-17T12:06:21.907733+00:00 [queued]>
[2026-06-17T12:07:25.428+0000] {taskinstance.py:2076} INFO - Dependencies all met for dep_context=requeueable deps ti=<TaskInstance: smartup_etl.returns manual__2026-06-17T12:06:21.907733+00:00 [queued]>
[2026-06-17T12:07:25.428+0000] {taskinstance.py:2306} INFO - Starting attempt 1 of 2
[2026-06-17T12:07:25.460+0000] {taskinstance.py:2330} INFO - Executing <Task(PythonOperator): returns> on 2026-06-17 12:06:21.907733+00:00
[2026-06-17T12:07:25.475+0000] {logging_mixin.py:188} WARNING - /home/***/.local/lib/python3.12/site-packages/***/task/task_runner/standard_task_runner.py:61 DeprecationWarning: This process (pid=334) is multi-threaded, use of fork() may lead to deadlocks in the child.
[2026-06-17T12:07:25.474+0000] {standard_task_runner.py:90} INFO - Running: ['***', 'tasks', 'run', 'smartup_etl', 'returns', 'manual__2026-06-17T12:06:21.907733+00:00', '--job-id', '51', '--raw', '--subdir', 'DAGS_FOLDER/smartup_etl_dag.py', '--cfg-path', '/tmp/tmpsj3dui2d']
[2026-06-17T12:07:25.477+0000] {standard_task_runner.py:63} INFO - Started process 344 to run task
[2026-06-17T12:07:25.477+0000] {standard_task_runner.py:91} INFO - Job 51: Subtask returns
[2026-06-17T12:07:25.580+0000] {task_command.py:426} INFO - Running <TaskInstance: smartup_etl.returns manual__2026-06-17T12:06:21.907733+00:00 [running]> on host a304f74f47f7
[2026-06-17T12:07:25.743+0000] {taskinstance.py:2648} INFO - Exporting env vars: AIRFLOW_CTX_DAG_OWNER='smartup-etl' AIRFLOW_CTX_DAG_ID='smartup_etl' AIRFLOW_CTX_TASK_ID='returns' AIRFLOW_CTX_EXECUTION_DATE='2026-06-17T12:06:21.907733+00:00' AIRFLOW_CTX_TRY_NUMBER='1' AIRFLOW_CTX_DAG_RUN_ID='manual__2026-06-17T12:06:21.907733+00:00'
[2026-06-17T12:07:25.745+0000] {taskinstance.py:430} INFO - ::endgroup::
[2026-06-17T12:07:25.774+0000] {logging_mixin.py:188} INFO - === Returns pipeline ===
[2026-06-17T12:07:29.646+0000] {logging_mixin.py:188} INFO - [OK] 1 ta yozuv olindi
[2026-06-17T12:07:29.665+0000] {logging_mixin.py:188} WARNING - /opt/***/pipelines/returns.py:26 SettingWithCopyWarning: 
A value is trying to be set on a copy of a slice from a DataFrame.
Try using .loc[row_indexer,col_indexer] = value instead

See the caveats in the documentation: https://pandas.pydata.org/pandas-docs/stable/user_guide/indexing.html#returning-a-view-versus-a-copy
[2026-06-17T12:07:29.671+0000] {logging_mixin.py:188} WARNING - /opt/***/pipelines/returns.py:27 SettingWithCopyWarning: 
A value is trying to be set on a copy of a slice from a DataFrame.
Try using .loc[row_indexer,col_indexer] = value instead

See the caveats in the documentation: https://pandas.pydata.org/pandas-docs/stable/user_guide/indexing.html#returning-a-view-versus-a-copy
[2026-06-17T12:07:29.675+0000] {logging_mixin.py:188} WARNING - /opt/***/pipelines/returns.py:28 SettingWithCopyWarning: 
A value is trying to be set on a copy of a slice from a DataFrame.
Try using .loc[row_indexer,col_indexer] = value instead

See the caveats in the documentation: https://pandas.pydata.org/pandas-docs/stable/user_guide/indexing.html#returning-a-view-versus-a-copy
[2026-06-17T12:07:29.677+0000] {logging_mixin.py:188} WARNING - /opt/***/pipelines/returns.py:29 SettingWithCopyWarning: 
A value is trying to be set on a copy of a slice from a DataFrame.
Try using .loc[row_indexer,col_indexer] = value instead

See the caveats in the documentation: https://pandas.pydata.org/pandas-docs/stable/user_guide/indexing.html#returning-a-view-versus-a-copy
[2026-06-17T12:07:30.027+0000] {logging_mixin.py:188} INFO - [DB] 'returns' — 1 ta qator yuklandi.
[2026-06-17T12:07:30.134+0000] {logging_mixin.py:188} INFO - [DB] 'return_products' — 1 ta qator yuklandi.
[2026-06-17T12:07:30.135+0000] {logging_mixin.py:188} INFO - === Returns pipeline tugadi ===
[2026-06-17T12:07:30.137+0000] {python.py:237} INFO - Done. Returned value was: None
[2026-06-17T12:07:30.139+0000] {taskinstance.py:441} INFO - ::group::Post task execution logs
[2026-06-17T12:07:30.151+0000] {taskinstance.py:1206} INFO - Marking task as SUCCESS. dag_id=smartup_etl, task_id=returns, run_id=manual__2026-06-17T12:06:21.907733+00:00, execution_date=20260617T120621, start_date=20260617T120725, end_date=20260617T120730
[2026-06-17T12:07:30.209+0000] {local_task_job_runner.py:240} INFO - Task exited with return code 0
[2026-06-17T12:07:30.239+0000] {taskinstance.py:3498} INFO - 0 downstream tasks scheduled from follow-on schedule check
[2026-06-17T12:07:30.244+0000] {local_task_job_runner.py:222} INFO - ::endgroup::
