[2026-06-17T12:29:59.921+0000] {local_task_job_runner.py:120} INFO - ::group::Pre task execution logs
[2026-06-17T12:29:59.951+0000] {taskinstance.py:2076} INFO - Dependencies all met for dep_context=non-requeueable deps ti=<TaskInstance: smartup_etl.return_to_supplier manual__2026-06-17T12:28:27.029322+00:00 [queued]>
[2026-06-17T12:29:59.962+0000] {taskinstance.py:2076} INFO - Dependencies all met for dep_context=requeueable deps ti=<TaskInstance: smartup_etl.return_to_supplier manual__2026-06-17T12:28:27.029322+00:00 [queued]>
[2026-06-17T12:29:59.962+0000] {taskinstance.py:2306} INFO - Starting attempt 1 of 2
[2026-06-17T12:29:59.979+0000] {taskinstance.py:2330} INFO - Executing <Task(PythonOperator): return_to_supplier> on 2026-06-17 12:28:27.029322+00:00
[2026-06-17T12:29:59.991+0000] {logging_mixin.py:188} WARNING - /home/***/.local/lib/python3.12/site-packages/***/task/task_runner/standard_task_runner.py:61 DeprecationWarning: This process (pid=279) is multi-threaded, use of fork() may lead to deadlocks in the child.
[2026-06-17T12:29:59.991+0000] {standard_task_runner.py:90} INFO - Running: ['***', 'tasks', 'run', 'smartup_etl', 'return_to_supplier', 'manual__2026-06-17T12:28:27.029322+00:00', '--job-id', '68', '--raw', '--subdir', 'DAGS_FOLDER/smartup_etl_dag.py', '--cfg-path', '/tmp/tmprib_5w2_']
[2026-06-17T12:29:59.994+0000] {standard_task_runner.py:63} INFO - Started process 286 to run task
[2026-06-17T12:29:59.995+0000] {standard_task_runner.py:91} INFO - Job 68: Subtask return_to_supplier
[2026-06-17T12:30:00.101+0000] {task_command.py:426} INFO - Running <TaskInstance: smartup_etl.return_to_supplier manual__2026-06-17T12:28:27.029322+00:00 [running]> on host bda5cb736697
[2026-06-17T12:30:00.285+0000] {taskinstance.py:2648} INFO - Exporting env vars: AIRFLOW_CTX_DAG_OWNER='smartup-etl' AIRFLOW_CTX_DAG_ID='smartup_etl' AIRFLOW_CTX_TASK_ID='return_to_supplier' AIRFLOW_CTX_EXECUTION_DATE='2026-06-17T12:28:27.029322+00:00' AIRFLOW_CTX_TRY_NUMBER='1' AIRFLOW_CTX_DAG_RUN_ID='manual__2026-06-17T12:28:27.029322+00:00'
[2026-06-17T12:30:00.288+0000] {taskinstance.py:430} INFO - ::endgroup::
[2026-06-17T12:30:00.587+0000] {logging_mixin.py:188} INFO - === Return to Supplier pipeline ===
[2026-06-17T12:30:02.622+0000] {logging_mixin.py:188} INFO - [WARN] Ma'lumot kelmadi
[2026-06-17T12:30:02.627+0000] {python.py:237} INFO - Done. Returned value was: None
[2026-06-17T12:30:02.631+0000] {taskinstance.py:441} INFO - ::group::Post task execution logs
[2026-06-17T12:30:02.670+0000] {taskinstance.py:1206} INFO - Marking task as SUCCESS. dag_id=smartup_etl, task_id=return_to_supplier, run_id=manual__2026-06-17T12:28:27.029322+00:00, execution_date=20260617T122827, start_date=20260617T122959, end_date=20260617T123002
[2026-06-17T12:30:02.750+0000] {local_task_job_runner.py:240} INFO - Task exited with return code 0
[2026-06-17T12:30:02.788+0000] {taskinstance.py:3498} INFO - 0 downstream tasks scheduled from follow-on schedule check
[2026-06-17T12:30:02.793+0000] {local_task_job_runner.py:222} INFO - ::endgroup::
