[2026-06-17T11:15:33.868+0000] {local_task_job_runner.py:120} INFO - ::group::Pre task execution logs
[2026-06-17T11:15:34.017+0000] {taskinstance.py:2076} INFO - Dependencies all met for dep_context=non-requeueable deps ti=<TaskInstance: smartup_etl.persons_group manual__2026-06-17T11:15:29.088486+00:00 [queued]>
[2026-06-17T11:15:34.057+0000] {taskinstance.py:2076} INFO - Dependencies all met for dep_context=requeueable deps ti=<TaskInstance: smartup_etl.persons_group manual__2026-06-17T11:15:29.088486+00:00 [queued]>
[2026-06-17T11:15:34.058+0000] {taskinstance.py:2306} INFO - Starting attempt 1 of 2
[2026-06-17T11:15:34.131+0000] {taskinstance.py:2330} INFO - Executing <Task(PythonOperator): persons_group> on 2026-06-17 11:15:29.088486+00:00
[2026-06-17T11:15:34.216+0000] {logging_mixin.py:188} WARNING - /home/***/.local/lib/python3.12/site-packages/***/task/task_runner/standard_task_runner.py:61 DeprecationWarning: This process (pid=312) is multi-threaded, use of fork() may lead to deadlocks in the child.
[2026-06-17T11:15:34.245+0000] {standard_task_runner.py:63} INFO - Started process 323 to run task
[2026-06-17T11:15:34.216+0000] {standard_task_runner.py:90} INFO - Running: ['***', 'tasks', 'run', 'smartup_etl', 'persons_group', 'manual__2026-06-17T11:15:29.088486+00:00', '--job-id', '24', '--raw', '--subdir', 'DAGS_FOLDER/smartup_etl_dag.py', '--cfg-path', '/tmp/tmp9bpgp74m']
[2026-06-17T11:15:34.260+0000] {standard_task_runner.py:91} INFO - Job 24: Subtask persons_group
[2026-06-17T11:15:34.594+0000] {task_command.py:426} INFO - Running <TaskInstance: smartup_etl.persons_group manual__2026-06-17T11:15:29.088486+00:00 [running]> on host 0bb950afe98a
[2026-06-17T11:15:35.111+0000] {taskinstance.py:2648} INFO - Exporting env vars: AIRFLOW_CTX_DAG_OWNER='smartup-etl' AIRFLOW_CTX_DAG_ID='smartup_etl' AIRFLOW_CTX_TASK_ID='persons_group' AIRFLOW_CTX_EXECUTION_DATE='2026-06-17T11:15:29.088486+00:00' AIRFLOW_CTX_TRY_NUMBER='1' AIRFLOW_CTX_DAG_RUN_ID='manual__2026-06-17T11:15:29.088486+00:00'
[2026-06-17T11:15:35.115+0000] {taskinstance.py:430} INFO - ::endgroup::
[2026-06-17T11:15:37.286+0000] {logging_mixin.py:188} INFO - === Persons Group pipeline ===
[2026-06-17T11:15:37.290+0000] {logging_mixin.py:188} INFO - [FETCH] https://smartup.online/b/anor/mxsx/mr/person_group$export
[2026-06-17T11:15:41.330+0000] {logging_mixin.py:188} INFO - [OK] 32 ta yozuv olindi
[2026-06-17T11:15:41.428+0000] {taskinstance.py:441} INFO - ::group::Post task execution logs
[2026-06-17T11:15:41.429+0000] {taskinstance.py:2905} ERROR - Task failed with exception
Traceback (most recent call last):
  File "/home/airflow/.local/lib/python3.12/site-packages/airflow/models/taskinstance.py", line 465, in _execute_task
    result = _execute_callable(context=context, **execute_callable_kwargs)
             ^^^^^^^^^^^^^^^^^^^^^^^^^^^^^^^^^^^^^^^^^^^^^^^^^^^^^^^^^^^^^
  File "/home/airflow/.local/lib/python3.12/site-packages/airflow/models/taskinstance.py", line 432, in _execute_callable
    return execute_callable(context=context, **execute_callable_kwargs)
           ^^^^^^^^^^^^^^^^^^^^^^^^^^^^^^^^^^^^^^^^^^^^^^^^^^^^^^^^^^^^
  File "/home/airflow/.local/lib/python3.12/site-packages/airflow/models/baseoperator.py", line 400, in wrapper
    return func(self, *args, **kwargs)
           ^^^^^^^^^^^^^^^^^^^^^^^^^^^
  File "/home/airflow/.local/lib/python3.12/site-packages/airflow/operators/python.py", line 235, in execute
    return_value = self.execute_callable()
                   ^^^^^^^^^^^^^^^^^^^^^^^
  File "/home/airflow/.local/lib/python3.12/site-packages/airflow/operators/python.py", line 252, in execute_callable
    return self.python_callable(*self.op_args, **self.op_kwargs)
           ^^^^^^^^^^^^^^^^^^^^^^^^^^^^^^^^^^^^^^^^^^^^^^^^^^^^^
  File "/opt/airflow/pipelines/persons_group.py", line 72, in run
    persons_group.to_excel(
  File "/home/airflow/.local/lib/python3.12/site-packages/pandas/core/generic.py", line 2345, in to_excel
    formatter.write(
  File "/home/airflow/.local/lib/python3.12/site-packages/pandas/io/formats/excel.py", line 946, in write
    writer = ExcelWriter(  # type: ignore[abstract]
             ^^^^^^^^^^^^^^^^^^^^^^^^^^^^^^^^^^^^^^
  File "/home/airflow/.local/lib/python3.12/site-packages/pandas/io/excel/_openpyxl.py", line 61, in __init__
    super().__init__(
  File "/home/airflow/.local/lib/python3.12/site-packages/pandas/io/excel/_base.py", line 1263, in __init__
    self._handles = get_handle(
                    ^^^^^^^^^^^
  File "/home/airflow/.local/lib/python3.12/site-packages/pandas/io/common.py", line 739, in get_handle
    check_parent_directory(str(handle))
  File "/home/airflow/.local/lib/python3.12/site-packages/pandas/io/common.py", line 604, in check_parent_directory
    raise OSError(rf"Cannot save file into a non-existent directory: '{parent}'")
OSError: Cannot save file into a non-existent directory: 'CleanedData'
[2026-06-17T11:15:41.458+0000] {taskinstance.py:1206} INFO - Marking task as UP_FOR_RETRY. dag_id=smartup_etl, task_id=persons_group, run_id=manual__2026-06-17T11:15:29.088486+00:00, execution_date=20260617T111529, start_date=20260617T111534, end_date=20260617T111541
[2026-06-17T11:15:41.473+0000] {standard_task_runner.py:110} ERROR - Failed to execute job 24 for task persons_group (Cannot save file into a non-existent directory: 'CleanedData'; 323)
[2026-06-17T11:15:41.499+0000] {local_task_job_runner.py:240} INFO - Task exited with return code 1
[2026-06-17T11:15:41.519+0000] {taskinstance.py:3498} INFO - 0 downstream tasks scheduled from follow-on schedule check
[2026-06-17T11:15:41.523+0000] {local_task_job_runner.py:222} INFO - ::endgroup::
