[2026-06-17T15:14:30.333+0000] {local_task_job_runner.py:120} INFO - ::group::Pre task execution logs
[2026-06-17T15:14:30.653+0000] {taskinstance.py:2076} INFO - Dependencies all met for dep_context=non-requeueable deps ti=<TaskInstance: smartup_etl.products manual__2026-06-17T15:14:23.365182+00:00 [queued]>
[2026-06-17T15:14:30.714+0000] {taskinstance.py:2076} INFO - Dependencies all met for dep_context=requeueable deps ti=<TaskInstance: smartup_etl.products manual__2026-06-17T15:14:23.365182+00:00 [queued]>
[2026-06-17T15:14:30.715+0000] {taskinstance.py:2306} INFO - Starting attempt 1 of 2
[2026-06-17T15:14:30.772+0000] {taskinstance.py:2330} INFO - Executing <Task(PythonOperator): products> on 2026-06-17 15:14:23.365182+00:00
[2026-06-17T15:14:30.830+0000] {logging_mixin.py:188} WARNING - /home/***/.local/lib/python3.12/site-packages/***/task/task_runner/standard_task_runner.py:61 DeprecationWarning: This process (pid=230) is multi-threaded, use of fork() may lead to deadlocks in the child.
[2026-06-17T15:14:30.825+0000] {standard_task_runner.py:90} INFO - Running: ['***', 'tasks', 'run', 'smartup_etl', 'products', 'manual__2026-06-17T15:14:23.365182+00:00', '--job-id', '77', '--raw', '--subdir', 'DAGS_FOLDER/smartup_etl_dag.py', '--cfg-path', '/tmp/tmpzs956mn3']
[2026-06-17T15:14:30.842+0000] {standard_task_runner.py:63} INFO - Started process 238 to run task
[2026-06-17T15:14:30.845+0000] {standard_task_runner.py:91} INFO - Job 77: Subtask products
[2026-06-17T15:14:31.350+0000] {task_command.py:426} INFO - Running <TaskInstance: smartup_etl.products manual__2026-06-17T15:14:23.365182+00:00 [running]> on host 4f6ec9c5bd1d
[2026-06-17T15:14:31.673+0000] {taskinstance.py:2648} INFO - Exporting env vars: AIRFLOW_CTX_DAG_OWNER='smartup-etl' AIRFLOW_CTX_DAG_ID='smartup_etl' AIRFLOW_CTX_TASK_ID='products' AIRFLOW_CTX_EXECUTION_DATE='2026-06-17T15:14:23.365182+00:00' AIRFLOW_CTX_TRY_NUMBER='1' AIRFLOW_CTX_DAG_RUN_ID='manual__2026-06-17T15:14:23.365182+00:00'
[2026-06-17T15:14:31.678+0000] {taskinstance.py:430} INFO - ::endgroup::
[2026-06-17T15:14:33.962+0000] {logging_mixin.py:188} INFO - === Products pipeline ===
[2026-06-17T15:14:33.966+0000] {logging_mixin.py:188} INFO - [FETCH] https://smartup.online/b/anor/mxsx/mr/inventory$export
[2026-06-17T15:14:47.425+0000] {logging_mixin.py:188} INFO - [OK] 17887 ta yozuv olindi
[2026-06-17T15:14:50.473+0000] {logging_mixin.py:188} INFO - [DB] 'products' — 3117 ta qator yuklandi.
[2026-06-17T15:14:50.796+0000] {logging_mixin.py:188} INFO - [DB] 'product_group' — 8733 ta qator yuklandi.
[2026-06-17T15:14:51.004+0000] {logging_mixin.py:188} INFO - [DB] 'product_inventory_kind' — 3134 ta qator yuklandi.
[2026-06-17T15:14:51.164+0000] {logging_mixin.py:188} INFO - [DB] 'product_sector' — 110 ta qator yuklandi.
[2026-06-17T15:14:51.166+0000] {logging_mixin.py:188} INFO - === Products pipeline tugadi ===
[2026-06-17T15:14:51.184+0000] {python.py:237} INFO - Done. Returned value was: None
[2026-06-17T15:14:51.186+0000] {taskinstance.py:441} INFO - ::group::Post task execution logs
[2026-06-17T15:14:51.198+0000] {taskinstance.py:1206} INFO - Marking task as SUCCESS. dag_id=smartup_etl, task_id=products, run_id=manual__2026-06-17T15:14:23.365182+00:00, execution_date=20260617T151423, start_date=20260617T151430, end_date=20260617T151451
[2026-06-17T15:14:51.244+0000] {local_task_job_runner.py:240} INFO - Task exited with return code 0
[2026-06-17T15:14:51.271+0000] {taskinstance.py:3498} INFO - 0 downstream tasks scheduled from follow-on schedule check
[2026-06-17T15:14:51.275+0000] {local_task_job_runner.py:222} INFO - ::endgroup::
