[2026-06-17T12:28:29.925+0000] {local_task_job_runner.py:120} INFO - ::group::Pre task execution logs
[2026-06-17T12:28:29.984+0000] {taskinstance.py:2076} INFO - Dependencies all met for dep_context=non-requeueable deps ti=<TaskInstance: smartup_etl.persons_group manual__2026-06-17T12:28:27.029322+00:00 [queued]>
[2026-06-17T12:28:29.999+0000] {taskinstance.py:2076} INFO - Dependencies all met for dep_context=requeueable deps ti=<TaskInstance: smartup_etl.persons_group manual__2026-06-17T12:28:27.029322+00:00 [queued]>
[2026-06-17T12:28:30.000+0000] {taskinstance.py:2306} INFO - Starting attempt 1 of 2
[2026-06-17T12:28:30.050+0000] {taskinstance.py:2330} INFO - Executing <Task(PythonOperator): persons_group> on 2026-06-17 12:28:27.029322+00:00
[2026-06-17T12:28:30.107+0000] {logging_mixin.py:188} WARNING - /home/***/.local/lib/python3.12/site-packages/***/task/task_runner/standard_task_runner.py:61 DeprecationWarning: This process (pid=244) is multi-threaded, use of fork() may lead to deadlocks in the child.
[2026-06-17T12:28:30.130+0000] {standard_task_runner.py:63} INFO - Started process 254 to run task
[2026-06-17T12:28:30.114+0000] {standard_task_runner.py:90} INFO - Running: ['***', 'tasks', 'run', 'smartup_etl', 'persons_group', 'manual__2026-06-17T12:28:27.029322+00:00', '--job-id', '63', '--raw', '--subdir', 'DAGS_FOLDER/smartup_etl_dag.py', '--cfg-path', '/tmp/tmp_n77u3vb']
[2026-06-17T12:28:30.132+0000] {standard_task_runner.py:91} INFO - Job 63: Subtask persons_group
[2026-06-17T12:28:30.568+0000] {task_command.py:426} INFO - Running <TaskInstance: smartup_etl.persons_group manual__2026-06-17T12:28:27.029322+00:00 [running]> on host bda5cb736697
[2026-06-17T12:28:30.951+0000] {taskinstance.py:2648} INFO - Exporting env vars: AIRFLOW_CTX_DAG_OWNER='smartup-etl' AIRFLOW_CTX_DAG_ID='smartup_etl' AIRFLOW_CTX_TASK_ID='persons_group' AIRFLOW_CTX_EXECUTION_DATE='2026-06-17T12:28:27.029322+00:00' AIRFLOW_CTX_TRY_NUMBER='1' AIRFLOW_CTX_DAG_RUN_ID='manual__2026-06-17T12:28:27.029322+00:00'
[2026-06-17T12:28:30.956+0000] {taskinstance.py:430} INFO - ::endgroup::
[2026-06-17T12:28:33.736+0000] {logging_mixin.py:188} INFO - === Persons Group pipeline ===
[2026-06-17T12:28:33.740+0000] {logging_mixin.py:188} INFO - [FETCH] https://smartup.online/b/anor/mxsx/mr/person_group$export
[2026-06-17T12:28:40.066+0000] {logging_mixin.py:188} INFO - [OK] 32 ta yozuv olindi
[2026-06-17T12:28:40.558+0000] {logging_mixin.py:188} INFO - [DB] 'persons_group' — 22 ta qator yuklandi.
[2026-06-17T12:28:40.702+0000] {logging_mixin.py:188} INFO - [DB] 'persons_group_types' — 2592 ta qator yuklandi.
[2026-06-17T12:28:40.703+0000] {logging_mixin.py:188} INFO - === Persons Group pipeline tugadi ===
[2026-06-17T12:28:40.704+0000] {python.py:237} INFO - Done. Returned value was: None
[2026-06-17T12:28:40.705+0000] {taskinstance.py:441} INFO - ::group::Post task execution logs
[2026-06-17T12:28:40.714+0000] {taskinstance.py:1206} INFO - Marking task as SUCCESS. dag_id=smartup_etl, task_id=persons_group, run_id=manual__2026-06-17T12:28:27.029322+00:00, execution_date=20260617T122827, start_date=20260617T122829, end_date=20260617T122840
[2026-06-17T12:28:40.739+0000] {local_task_job_runner.py:240} INFO - Task exited with return code 0
[2026-06-17T12:28:40.776+0000] {taskinstance.py:3498} INFO - 0 downstream tasks scheduled from follow-on schedule check
[2026-06-17T12:28:40.779+0000] {local_task_job_runner.py:222} INFO - ::endgroup::
