[2026-06-17T12:06:26.121+0000] {local_task_job_runner.py:120} INFO - ::group::Pre task execution logs
[2026-06-17T12:06:26.296+0000] {taskinstance.py:2076} INFO - Dependencies all met for dep_context=non-requeueable deps ti=<TaskInstance: smartup_etl.products manual__2026-06-17T12:06:21.907733+00:00 [queued]>
[2026-06-17T12:06:26.325+0000] {taskinstance.py:2076} INFO - Dependencies all met for dep_context=requeueable deps ti=<TaskInstance: smartup_etl.products manual__2026-06-17T12:06:21.907733+00:00 [queued]>
[2026-06-17T12:06:26.326+0000] {taskinstance.py:2306} INFO - Starting attempt 1 of 2
[2026-06-17T12:06:26.406+0000] {taskinstance.py:2330} INFO - Executing <Task(PythonOperator): products> on 2026-06-17 12:06:21.907733+00:00
[2026-06-17T12:06:26.504+0000] {standard_task_runner.py:90} INFO - Running: ['***', 'tasks', 'run', 'smartup_etl', 'products', 'manual__2026-06-17T12:06:21.907733+00:00', '--job-id', '48', '--raw', '--subdir', 'DAGS_FOLDER/smartup_etl_dag.py', '--cfg-path', '/tmp/tmp5paa6xf0']
[2026-06-17T12:06:26.523+0000] {logging_mixin.py:188} WARNING - /home/***/.local/lib/python3.12/site-packages/***/task/task_runner/standard_task_runner.py:61 DeprecationWarning: This process (pid=304) is multi-threaded, use of fork() may lead to deadlocks in the child.
[2026-06-17T12:06:26.526+0000] {standard_task_runner.py:91} INFO - Job 48: Subtask products
[2026-06-17T12:06:26.529+0000] {standard_task_runner.py:63} INFO - Started process 315 to run task
[2026-06-17T12:06:27.191+0000] {task_command.py:426} INFO - Running <TaskInstance: smartup_etl.products manual__2026-06-17T12:06:21.907733+00:00 [running]> on host a304f74f47f7
[2026-06-17T12:06:27.536+0000] {taskinstance.py:2648} INFO - Exporting env vars: AIRFLOW_CTX_DAG_OWNER='smartup-etl' AIRFLOW_CTX_DAG_ID='smartup_etl' AIRFLOW_CTX_TASK_ID='products' AIRFLOW_CTX_EXECUTION_DATE='2026-06-17T12:06:21.907733+00:00' AIRFLOW_CTX_TRY_NUMBER='1' AIRFLOW_CTX_DAG_RUN_ID='manual__2026-06-17T12:06:21.907733+00:00'
[2026-06-17T12:06:27.546+0000] {taskinstance.py:430} INFO - ::endgroup::
[2026-06-17T12:06:30.670+0000] {logging_mixin.py:188} INFO - === Products pipeline ===
[2026-06-17T12:06:30.676+0000] {logging_mixin.py:188} INFO - [FETCH] https://smartup.online/b/anor/mxsx/mr/inventory$export
[2026-06-17T12:06:51.858+0000] {logging_mixin.py:188} INFO - [OK] 17887 ta yozuv olindi
[2026-06-17T12:06:53.853+0000] {logging_mixin.py:188} INFO - [DB] 'products' — 3117 ta qator yuklandi.
[2026-06-17T12:06:54.075+0000] {logging_mixin.py:188} INFO - [DB] 'product_group' — 8733 ta qator yuklandi.
[2026-06-17T12:06:54.221+0000] {logging_mixin.py:188} INFO - [DB] 'product_inventory_kind' — 3134 ta qator yuklandi.
[2026-06-17T12:06:54.325+0000] {logging_mixin.py:188} INFO - [DB] 'product_sector' — 110 ta qator yuklandi.
[2026-06-17T12:06:54.326+0000] {logging_mixin.py:188} INFO - === Products pipeline tugadi ===
[2026-06-17T12:06:54.342+0000] {python.py:237} INFO - Done. Returned value was: None
[2026-06-17T12:06:54.344+0000] {taskinstance.py:441} INFO - ::group::Post task execution logs
[2026-06-17T12:06:54.355+0000] {taskinstance.py:1206} INFO - Marking task as SUCCESS. dag_id=smartup_etl, task_id=products, run_id=manual__2026-06-17T12:06:21.907733+00:00, execution_date=20260617T120621, start_date=20260617T120626, end_date=20260617T120654
[2026-06-17T12:06:54.396+0000] {local_task_job_runner.py:240} INFO - Task exited with return code 0
[2026-06-17T12:06:54.443+0000] {taskinstance.py:3498} INFO - 0 downstream tasks scheduled from follow-on schedule check
[2026-06-17T12:06:54.446+0000] {local_task_job_runner.py:222} INFO - ::endgroup::
