[2026-06-17T12:28:29.894+0000] {local_task_job_runner.py:120} INFO - ::group::Pre task execution logs
[2026-06-17T12:28:29.971+0000] {taskinstance.py:2076} INFO - Dependencies all met for dep_context=non-requeueable deps ti=<TaskInstance: smartup_etl.customers manual__2026-06-17T12:28:27.029322+00:00 [queued]>
[2026-06-17T12:28:29.986+0000] {taskinstance.py:2076} INFO - Dependencies all met for dep_context=requeueable deps ti=<TaskInstance: smartup_etl.customers manual__2026-06-17T12:28:27.029322+00:00 [queued]>
[2026-06-17T12:28:29.988+0000] {taskinstance.py:2306} INFO - Starting attempt 1 of 2
[2026-06-17T12:28:30.012+0000] {taskinstance.py:2330} INFO - Executing <Task(PythonOperator): customers> on 2026-06-17 12:28:27.029322+00:00
[2026-06-17T12:28:30.025+0000] {standard_task_runner.py:90} INFO - Running: ['***', 'tasks', 'run', 'smartup_etl', 'customers', 'manual__2026-06-17T12:28:27.029322+00:00', '--job-id', '61', '--raw', '--subdir', 'DAGS_FOLDER/smartup_etl_dag.py', '--cfg-path', '/tmp/tmp2jl40s96']
[2026-06-17T12:28:30.039+0000] {logging_mixin.py:188} WARNING - /home/***/.local/lib/python3.12/site-packages/***/task/task_runner/standard_task_runner.py:61 DeprecationWarning: This process (pid=243) is multi-threaded, use of fork() may lead to deadlocks in the child.
[2026-06-17T12:28:30.050+0000] {standard_task_runner.py:91} INFO - Job 61: Subtask customers
[2026-06-17T12:28:30.052+0000] {standard_task_runner.py:63} INFO - Started process 250 to run task
[2026-06-17T12:28:30.559+0000] {task_command.py:426} INFO - Running <TaskInstance: smartup_etl.customers manual__2026-06-17T12:28:27.029322+00:00 [running]> on host bda5cb736697
[2026-06-17T12:28:30.959+0000] {taskinstance.py:2648} INFO - Exporting env vars: AIRFLOW_CTX_DAG_OWNER='smartup-etl' AIRFLOW_CTX_DAG_ID='smartup_etl' AIRFLOW_CTX_TASK_ID='customers' AIRFLOW_CTX_EXECUTION_DATE='2026-06-17T12:28:27.029322+00:00' AIRFLOW_CTX_TRY_NUMBER='1' AIRFLOW_CTX_DAG_RUN_ID='manual__2026-06-17T12:28:27.029322+00:00'
[2026-06-17T12:28:30.966+0000] {taskinstance.py:430} INFO - ::endgroup::
[2026-06-17T12:28:33.736+0000] {logging_mixin.py:188} INFO - === Customers pipeline ===
[2026-06-17T12:28:33.741+0000] {logging_mixin.py:188} INFO - [FETCH] https://smartup.online/b/anor/mxsx/mr/natural_person$export
[2026-06-17T12:28:53.731+0000] {logging_mixin.py:188} INFO - [OK] 1113 ta yozuv olindi
[2026-06-17T12:28:54.035+0000] {logging_mixin.py:188} INFO - [DB] 'customers' — 1113 ta qator yuklandi.
[2026-06-17T12:28:54.036+0000] {logging_mixin.py:188} INFO - === Customers pipeline tugadi ===
[2026-06-17T12:28:54.037+0000] {python.py:237} INFO - Done. Returned value was: None
[2026-06-17T12:28:54.038+0000] {taskinstance.py:441} INFO - ::group::Post task execution logs
[2026-06-17T12:28:54.049+0000] {taskinstance.py:1206} INFO - Marking task as SUCCESS. dag_id=smartup_etl, task_id=customers, run_id=manual__2026-06-17T12:28:27.029322+00:00, execution_date=20260617T122827, start_date=20260617T122829, end_date=20260617T122854
[2026-06-17T12:28:54.086+0000] {local_task_job_runner.py:240} INFO - Task exited with return code 0
[2026-06-17T12:28:54.116+0000] {taskinstance.py:3498} INFO - 0 downstream tasks scheduled from follow-on schedule check
[2026-06-17T12:28:54.119+0000] {local_task_job_runner.py:222} INFO - ::endgroup::
