[2026-06-17T12:07:25.379+0000] {local_task_job_runner.py:120} INFO - ::group::Pre task execution logs
[2026-06-17T12:07:25.418+0000] {taskinstance.py:2076} INFO - Dependencies all met for dep_context=non-requeueable deps ti=<TaskInstance: smartup_etl.visits manual__2026-06-17T12:06:21.907733+00:00 [queued]>
[2026-06-17T12:07:25.428+0000] {taskinstance.py:2076} INFO - Dependencies all met for dep_context=requeueable deps ti=<TaskInstance: smartup_etl.visits manual__2026-06-17T12:06:21.907733+00:00 [queued]>
[2026-06-17T12:07:25.428+0000] {taskinstance.py:2306} INFO - Starting attempt 1 of 2
[2026-06-17T12:07:25.444+0000] {taskinstance.py:2330} INFO - Executing <Task(PythonOperator): visits> on 2026-06-17 12:06:21.907733+00:00
[2026-06-17T12:07:25.455+0000] {logging_mixin.py:188} WARNING - /home/***/.local/lib/python3.12/site-packages/***/task/task_runner/standard_task_runner.py:61 DeprecationWarning: This process (pid=336) is multi-threaded, use of fork() may lead to deadlocks in the child.
[2026-06-17T12:07:25.454+0000] {standard_task_runner.py:90} INFO - Running: ['***', 'tasks', 'run', 'smartup_etl', 'visits', 'manual__2026-06-17T12:06:21.907733+00:00', '--job-id', '53', '--raw', '--subdir', 'DAGS_FOLDER/smartup_etl_dag.py', '--cfg-path', '/tmp/tmp7vv281pa']
[2026-06-17T12:07:25.457+0000] {standard_task_runner.py:63} INFO - Started process 342 to run task
[2026-06-17T12:07:25.457+0000] {standard_task_runner.py:91} INFO - Job 53: Subtask visits
[2026-06-17T12:07:25.571+0000] {task_command.py:426} INFO - Running <TaskInstance: smartup_etl.visits manual__2026-06-17T12:06:21.907733+00:00 [running]> on host a304f74f47f7
[2026-06-17T12:07:25.720+0000] {taskinstance.py:2648} INFO - Exporting env vars: AIRFLOW_CTX_DAG_OWNER='smartup-etl' AIRFLOW_CTX_DAG_ID='smartup_etl' AIRFLOW_CTX_TASK_ID='visits' AIRFLOW_CTX_EXECUTION_DATE='2026-06-17T12:06:21.907733+00:00' AIRFLOW_CTX_TRY_NUMBER='1' AIRFLOW_CTX_DAG_RUN_ID='manual__2026-06-17T12:06:21.907733+00:00'
[2026-06-17T12:07:25.724+0000] {taskinstance.py:430} INFO - ::endgroup::
[2026-06-17T12:07:25.754+0000] {logging_mixin.py:188} INFO - === Visits pipeline ===
[2026-06-17T12:07:29.648+0000] {logging_mixin.py:188} INFO - [OK] 4 ta yozuv olindi
[2026-06-17T12:07:30.047+0000] {logging_mixin.py:188} INFO - [DB] 'visit_headers' — 4 ta qator yuklandi.
[2026-06-17T12:07:30.147+0000] {logging_mixin.py:188} INFO - [DB] 'visit_stocks' — 6 ta qator yuklandi.
[2026-06-17T12:07:30.271+0000] {logging_mixin.py:188} INFO - [DB] 'visit_comments' — 4 ta qator yuklandi.
[2026-06-17T12:07:30.272+0000] {logging_mixin.py:188} INFO - === Visits pipeline tugadi ===
[2026-06-17T12:07:30.275+0000] {python.py:237} INFO - Done. Returned value was: None
[2026-06-17T12:07:30.277+0000] {taskinstance.py:441} INFO - ::group::Post task execution logs
[2026-06-17T12:07:30.287+0000] {taskinstance.py:1206} INFO - Marking task as SUCCESS. dag_id=smartup_etl, task_id=visits, run_id=manual__2026-06-17T12:06:21.907733+00:00, execution_date=20260617T120621, start_date=20260617T120725, end_date=20260617T120730
[2026-06-17T12:07:30.307+0000] {local_task_job_runner.py:240} INFO - Task exited with return code 0
[2026-06-17T12:07:30.335+0000] {taskinstance.py:3498} INFO - 1 downstream tasks scheduled from follow-on schedule check
[2026-06-17T12:07:30.341+0000] {local_task_job_runner.py:222} INFO - ::endgroup::
