[2026-06-17T12:06:26.083+0000] {local_task_job_runner.py:120} INFO - ::group::Pre task execution logs
[2026-06-17T12:06:26.288+0000] {taskinstance.py:2076} INFO - Dependencies all met for dep_context=non-requeueable deps ti=<TaskInstance: smartup_etl.inventory_price manual__2026-06-17T12:06:21.907733+00:00 [queued]>
[2026-06-17T12:06:26.314+0000] {taskinstance.py:2076} INFO - Dependencies all met for dep_context=requeueable deps ti=<TaskInstance: smartup_etl.inventory_price manual__2026-06-17T12:06:21.907733+00:00 [queued]>
[2026-06-17T12:06:26.315+0000] {taskinstance.py:2306} INFO - Starting attempt 1 of 2
[2026-06-17T12:06:26.387+0000] {taskinstance.py:2330} INFO - Executing <Task(PythonOperator): inventory_price> on 2026-06-17 12:06:21.907733+00:00
[2026-06-17T12:06:26.465+0000] {logging_mixin.py:188} WARNING - /home/***/.local/lib/python3.12/site-packages/***/task/task_runner/standard_task_runner.py:61 DeprecationWarning: This process (pid=308) is multi-threaded, use of fork() may lead to deadlocks in the child.
[2026-06-17T12:06:26.467+0000] {standard_task_runner.py:63} INFO - Started process 314 to run task
[2026-06-17T12:06:26.518+0000] {standard_task_runner.py:90} INFO - Running: ['***', 'tasks', 'run', 'smartup_etl', 'inventory_price', 'manual__2026-06-17T12:06:21.907733+00:00', '--job-id', '45', '--raw', '--subdir', 'DAGS_FOLDER/smartup_etl_dag.py', '--cfg-path', '/tmp/tmpmsy7j391']
[2026-06-17T12:06:26.549+0000] {standard_task_runner.py:91} INFO - Job 45: Subtask inventory_price
[2026-06-17T12:06:27.121+0000] {task_command.py:426} INFO - Running <TaskInstance: smartup_etl.inventory_price manual__2026-06-17T12:06:21.907733+00:00 [running]> on host a304f74f47f7
[2026-06-17T12:06:27.518+0000] {taskinstance.py:2648} INFO - Exporting env vars: AIRFLOW_CTX_DAG_OWNER='smartup-etl' AIRFLOW_CTX_DAG_ID='smartup_etl' AIRFLOW_CTX_TASK_ID='inventory_price' AIRFLOW_CTX_EXECUTION_DATE='2026-06-17T12:06:21.907733+00:00' AIRFLOW_CTX_TRY_NUMBER='1' AIRFLOW_CTX_DAG_RUN_ID='manual__2026-06-17T12:06:21.907733+00:00'
[2026-06-17T12:06:27.521+0000] {taskinstance.py:430} INFO - ::endgroup::
[2026-06-17T12:06:30.670+0000] {logging_mixin.py:188} INFO - === Inventory Price pipeline ===
[2026-06-17T12:06:30.676+0000] {logging_mixin.py:188} INFO - [FETCH] https://smartup.online/b/anor/api/v2/mkf/product_price$export
[2026-06-17T12:06:34.048+0000] {logging_mixin.py:188} INFO - [OK] 1208 ta yozuv olindi
[2026-06-17T12:06:34.806+0000] {logging_mixin.py:188} INFO - [DB] 'inventory_price' — 728 ta qator yuklandi.
[2026-06-17T12:06:34.807+0000] {logging_mixin.py:188} INFO - === Inventory Price pipeline tugadi ===
[2026-06-17T12:06:34.808+0000] {python.py:237} INFO - Done. Returned value was: None
[2026-06-17T12:06:34.809+0000] {taskinstance.py:441} INFO - ::group::Post task execution logs
[2026-06-17T12:06:34.820+0000] {taskinstance.py:1206} INFO - Marking task as SUCCESS. dag_id=smartup_etl, task_id=inventory_price, run_id=manual__2026-06-17T12:06:21.907733+00:00, execution_date=20260617T120621, start_date=20260617T120626, end_date=20260617T120634
[2026-06-17T12:06:34.862+0000] {local_task_job_runner.py:240} INFO - Task exited with return code 0
[2026-06-17T12:06:34.899+0000] {taskinstance.py:3498} INFO - 0 downstream tasks scheduled from follow-on schedule check
[2026-06-17T12:06:34.902+0000] {local_task_job_runner.py:222} INFO - ::endgroup::
