[2026-06-17T12:28:29.894+0000] {local_task_job_runner.py:120} INFO - ::group::Pre task execution logs
[2026-06-17T12:28:29.966+0000] {taskinstance.py:2076} INFO - Dependencies all met for dep_context=non-requeueable deps ti=<TaskInstance: smartup_etl.legal_entity manual__2026-06-17T12:28:27.029322+00:00 [queued]>
[2026-06-17T12:28:29.996+0000] {taskinstance.py:2076} INFO - Dependencies all met for dep_context=requeueable deps ti=<TaskInstance: smartup_etl.legal_entity manual__2026-06-17T12:28:27.029322+00:00 [queued]>
[2026-06-17T12:28:29.997+0000] {taskinstance.py:2306} INFO - Starting attempt 1 of 2
[2026-06-17T12:28:30.028+0000] {taskinstance.py:2330} INFO - Executing <Task(PythonOperator): legal_entity> on 2026-06-17 12:28:27.029322+00:00
[2026-06-17T12:28:30.060+0000] {logging_mixin.py:188} WARNING - /home/***/.local/lib/python3.12/site-packages/***/task/task_runner/standard_task_runner.py:61 DeprecationWarning: This process (pid=241) is multi-threaded, use of fork() may lead to deadlocks in the child.
[2026-06-17T12:28:30.053+0000] {standard_task_runner.py:90} INFO - Running: ['***', 'tasks', 'run', 'smartup_etl', 'legal_entity', 'manual__2026-06-17T12:28:27.029322+00:00', '--job-id', '59', '--raw', '--subdir', 'DAGS_FOLDER/smartup_etl_dag.py', '--cfg-path', '/tmp/tmpyas27_x9']
[2026-06-17T12:28:30.071+0000] {standard_task_runner.py:63} INFO - Started process 252 to run task
[2026-06-17T12:28:30.074+0000] {standard_task_runner.py:91} INFO - Job 59: Subtask legal_entity
[2026-06-17T12:28:30.553+0000] {task_command.py:426} INFO - Running <TaskInstance: smartup_etl.legal_entity manual__2026-06-17T12:28:27.029322+00:00 [running]> on host bda5cb736697
[2026-06-17T12:28:30.966+0000] {taskinstance.py:2648} INFO - Exporting env vars: AIRFLOW_CTX_DAG_OWNER='smartup-etl' AIRFLOW_CTX_DAG_ID='smartup_etl' AIRFLOW_CTX_TASK_ID='legal_entity' AIRFLOW_CTX_EXECUTION_DATE='2026-06-17T12:28:27.029322+00:00' AIRFLOW_CTX_TRY_NUMBER='1' AIRFLOW_CTX_DAG_RUN_ID='manual__2026-06-17T12:28:27.029322+00:00'
[2026-06-17T12:28:30.968+0000] {taskinstance.py:430} INFO - ::endgroup::
[2026-06-17T12:28:33.738+0000] {logging_mixin.py:188} INFO - === Legal Entity pipeline ===
[2026-06-17T12:28:33.741+0000] {logging_mixin.py:188} INFO - [FETCH] https://smartup.online/b/anor/mxsx/mr/legal_person$export
[2026-06-17T12:29:41.166+0000] {logging_mixin.py:188} INFO - [OK] 31846 ta yozuv olindi
[2026-06-17T12:29:52.059+0000] {logging_mixin.py:188} INFO - [DB] 'legal_entity' — 31846 ta qator yuklandi.
[2026-06-17T12:29:52.594+0000] {logging_mixin.py:188} INFO - [DB] 'legal_entity_groups' — 38642 ta qator yuklandi.
[2026-06-17T12:29:52.728+0000] {logging_mixin.py:188} INFO - [DB] 'legal_entity_banks' — 285 ta qator yuklandi.
[2026-06-17T12:29:52.729+0000] {logging_mixin.py:188} INFO - === Legal Entity pipeline tugadi ===
[2026-06-17T12:29:52.749+0000] {python.py:237} INFO - Done. Returned value was: None
[2026-06-17T12:29:52.751+0000] {taskinstance.py:441} INFO - ::group::Post task execution logs
[2026-06-17T12:29:52.764+0000] {taskinstance.py:1206} INFO - Marking task as SUCCESS. dag_id=smartup_etl, task_id=legal_entity, run_id=manual__2026-06-17T12:28:27.029322+00:00, execution_date=20260617T122827, start_date=20260617T122829, end_date=20260617T122952
[2026-06-17T12:29:52.827+0000] {local_task_job_runner.py:240} INFO - Task exited with return code 0
[2026-06-17T12:29:52.862+0000] {taskinstance.py:3498} INFO - 1 downstream tasks scheduled from follow-on schedule check
[2026-06-17T12:29:52.866+0000] {local_task_job_runner.py:222} INFO - ::endgroup::
