[2026-06-17T11:15:33.862+0000] {local_task_job_runner.py:120} INFO - ::group::Pre task execution logs
[2026-06-17T11:15:34.029+0000] {taskinstance.py:2076} INFO - Dependencies all met for dep_context=non-requeueable deps ti=<TaskInstance: smartup_etl.inventory_price manual__2026-06-17T11:15:29.088486+00:00 [queued]>
[2026-06-17T11:15:34.057+0000] {taskinstance.py:2076} INFO - Dependencies all met for dep_context=requeueable deps ti=<TaskInstance: smartup_etl.inventory_price manual__2026-06-17T11:15:29.088486+00:00 [queued]>
[2026-06-17T11:15:34.058+0000] {taskinstance.py:2306} INFO - Starting attempt 1 of 2
[2026-06-17T11:15:34.123+0000] {taskinstance.py:2330} INFO - Executing <Task(PythonOperator): inventory_price> on 2026-06-17 11:15:29.088486+00:00
[2026-06-17T11:15:34.192+0000] {standard_task_runner.py:90} INFO - Running: ['***', 'tasks', 'run', 'smartup_etl', 'inventory_price', 'manual__2026-06-17T11:15:29.088486+00:00', '--job-id', '23', '--raw', '--subdir', 'DAGS_FOLDER/smartup_etl_dag.py', '--cfg-path', '/tmp/tmpgtf3hu0j']
[2026-06-17T11:15:34.194+0000] {logging_mixin.py:188} WARNING - /home/***/.local/lib/python3.12/site-packages/***/task/task_runner/standard_task_runner.py:61 DeprecationWarning: This process (pid=313) is multi-threaded, use of fork() may lead to deadlocks in the child.
[2026-06-17T11:15:34.207+0000] {standard_task_runner.py:63} INFO - Started process 322 to run task
[2026-06-17T11:15:34.200+0000] {standard_task_runner.py:91} INFO - Job 23: Subtask inventory_price
[2026-06-17T11:15:34.605+0000] {task_command.py:426} INFO - Running <TaskInstance: smartup_etl.inventory_price manual__2026-06-17T11:15:29.088486+00:00 [running]> on host 0bb950afe98a
[2026-06-17T11:15:35.104+0000] {taskinstance.py:2648} INFO - Exporting env vars: AIRFLOW_CTX_DAG_OWNER='smartup-etl' AIRFLOW_CTX_DAG_ID='smartup_etl' AIRFLOW_CTX_TASK_ID='inventory_price' AIRFLOW_CTX_EXECUTION_DATE='2026-06-17T11:15:29.088486+00:00' AIRFLOW_CTX_TRY_NUMBER='1' AIRFLOW_CTX_DAG_RUN_ID='manual__2026-06-17T11:15:29.088486+00:00'
[2026-06-17T11:15:35.111+0000] {taskinstance.py:430} INFO - ::endgroup::
[2026-06-17T11:15:37.292+0000] {logging_mixin.py:188} INFO - === Inventory Price pipeline ===
[2026-06-17T11:15:37.308+0000] {logging_mixin.py:188} INFO - [FETCH] https://smartup.online/b/anor/api/v2/mkf/product_price$export
[2026-06-17T11:15:40.609+0000] {logging_mixin.py:188} INFO - [OK] 1208 ta yozuv olindi
[2026-06-17T11:15:40.878+0000] {taskinstance.py:441} INFO - ::group::Post task execution logs
[2026-06-17T11:15:40.879+0000] {taskinstance.py:2905} ERROR - Task failed with exception
Traceback (most recent call last):
  File "/home/airflow/.local/lib/python3.12/site-packages/airflow/models/taskinstance.py", line 465, in _execute_task
    result = _execute_callable(context=context, **execute_callable_kwargs)
             ^^^^^^^^^^^^^^^^^^^^^^^^^^^^^^^^^^^^^^^^^^^^^^^^^^^^^^^^^^^^^
  File "/home/airflow/.local/lib/python3.12/site-packages/airflow/models/taskinstance.py", line 432, in _execute_callable
    return execute_callable(context=context, **execute_callable_kwargs)
           ^^^^^^^^^^^^^^^^^^^^^^^^^^^^^^^^^^^^^^^^^^^^^^^^^^^^^^^^^^^^
  File "/home/airflow/.local/lib/python3.12/site-packages/airflow/models/baseoperator.py", line 400, in wrapper
    return func(self, *args, **kwargs)
           ^^^^^^^^^^^^^^^^^^^^^^^^^^^
  File "/home/airflow/.local/lib/python3.12/site-packages/airflow/operators/python.py", line 235, in execute
    return_value = self.execute_callable()
                   ^^^^^^^^^^^^^^^^^^^^^^^
  File "/home/airflow/.local/lib/python3.12/site-packages/airflow/operators/python.py", line 252, in execute_callable
    return self.python_callable(*self.op_args, **self.op_kwargs)
           ^^^^^^^^^^^^^^^^^^^^^^^^^^^^^^^^^^^^^^^^^^^^^^^^^^^^^
  File "/opt/airflow/pipelines/inventory_price.py", line 54, in run
    inventory_price.to_excel(
  File "/home/airflow/.local/lib/python3.12/site-packages/pandas/core/generic.py", line 2345, in to_excel
    formatter.write(
  File "/home/airflow/.local/lib/python3.12/site-packages/pandas/io/formats/excel.py", line 946, in write
    writer = ExcelWriter(  # type: ignore[abstract]
             ^^^^^^^^^^^^^^^^^^^^^^^^^^^^^^^^^^^^^^
  File "/home/airflow/.local/lib/python3.12/site-packages/pandas/io/excel/_openpyxl.py", line 61, in __init__
    super().__init__(
  File "/home/airflow/.local/lib/python3.12/site-packages/pandas/io/excel/_base.py", line 1263, in __init__
    self._handles = get_handle(
                    ^^^^^^^^^^^
  File "/home/airflow/.local/lib/python3.12/site-packages/pandas/io/common.py", line 739, in get_handle
    check_parent_directory(str(handle))
  File "/home/airflow/.local/lib/python3.12/site-packages/pandas/io/common.py", line 604, in check_parent_directory
    raise OSError(rf"Cannot save file into a non-existent directory: '{parent}'")
OSError: Cannot save file into a non-existent directory: 'CleanedData'
[2026-06-17T11:15:40.910+0000] {taskinstance.py:1206} INFO - Marking task as UP_FOR_RETRY. dag_id=smartup_etl, task_id=inventory_price, run_id=manual__2026-06-17T11:15:29.088486+00:00, execution_date=20260617T111529, start_date=20260617T111534, end_date=20260617T111540
[2026-06-17T11:15:40.934+0000] {standard_task_runner.py:110} ERROR - Failed to execute job 23 for task inventory_price (Cannot save file into a non-existent directory: 'CleanedData'; 322)
[2026-06-17T11:15:40.953+0000] {local_task_job_runner.py:240} INFO - Task exited with return code 1
[2026-06-17T11:15:40.978+0000] {taskinstance.py:3498} INFO - 0 downstream tasks scheduled from follow-on schedule check
[2026-06-17T11:15:40.981+0000] {local_task_job_runner.py:222} INFO - ::endgroup::
