[2026-06-17T12:29:54.683+0000] {local_task_job_runner.py:120} INFO - ::group::Pre task execution logs
[2026-06-17T12:29:54.719+0000] {taskinstance.py:2076} INFO - Dependencies all met for dep_context=non-requeueable deps ti=<TaskInstance: smartup_etl.orders manual__2026-06-17T12:28:27.029322+00:00 [queued]>
[2026-06-17T12:29:54.731+0000] {taskinstance.py:2076} INFO - Dependencies all met for dep_context=requeueable deps ti=<TaskInstance: smartup_etl.orders manual__2026-06-17T12:28:27.029322+00:00 [queued]>
[2026-06-17T12:29:54.732+0000] {taskinstance.py:2306} INFO - Starting attempt 1 of 2
[2026-06-17T12:29:54.748+0000] {taskinstance.py:2330} INFO - Executing <Task(PythonOperator): orders> on 2026-06-17 12:28:27.029322+00:00
[2026-06-17T12:29:54.757+0000] {logging_mixin.py:188} WARNING - /home/***/.local/lib/python3.12/site-packages/***/task/task_runner/standard_task_runner.py:61 DeprecationWarning: This process (pid=273) is multi-threaded, use of fork() may lead to deadlocks in the child.
[2026-06-17T12:29:54.756+0000] {standard_task_runner.py:90} INFO - Running: ['***', 'tasks', 'run', 'smartup_etl', 'orders', 'manual__2026-06-17T12:28:27.029322+00:00', '--job-id', '64', '--raw', '--subdir', 'DAGS_FOLDER/smartup_etl_dag.py', '--cfg-path', '/tmp/tmppgtl1sgp']
[2026-06-17T12:29:54.758+0000] {standard_task_runner.py:63} INFO - Started process 275 to run task
[2026-06-17T12:29:54.758+0000] {standard_task_runner.py:91} INFO - Job 64: Subtask orders
[2026-06-17T12:29:54.832+0000] {task_command.py:426} INFO - Running <TaskInstance: smartup_etl.orders manual__2026-06-17T12:28:27.029322+00:00 [running]> on host bda5cb736697
[2026-06-17T12:29:54.919+0000] {taskinstance.py:2648} INFO - Exporting env vars: AIRFLOW_CTX_DAG_OWNER='smartup-etl' AIRFLOW_CTX_DAG_ID='smartup_etl' AIRFLOW_CTX_TASK_ID='orders' AIRFLOW_CTX_EXECUTION_DATE='2026-06-17T12:28:27.029322+00:00' AIRFLOW_CTX_TRY_NUMBER='1' AIRFLOW_CTX_DAG_RUN_ID='manual__2026-06-17T12:28:27.029322+00:00'
[2026-06-17T12:29:54.920+0000] {taskinstance.py:430} INFO - ::endgroup::
[2026-06-17T12:29:55.093+0000] {logging_mixin.py:188} INFO - === Orders pipeline ===
[2026-06-17T12:29:58.079+0000] {logging_mixin.py:188} INFO - [OK] 6 ta yozuv olindi
[2026-06-17T12:29:58.092+0000] {logging_mixin.py:188} WARNING - /opt/***/pipelines/orders.py:21 SettingWithCopyWarning: 
A value is trying to be set on a copy of a slice from a DataFrame.
Try using .loc[row_indexer,col_indexer] = value instead

See the caveats in the documentation: https://pandas.pydata.org/pandas-docs/stable/user_guide/indexing.html#returning-a-view-versus-a-copy
[2026-06-17T12:29:58.096+0000] {logging_mixin.py:188} WARNING - /opt/***/pipelines/orders.py:22 SettingWithCopyWarning: 
A value is trying to be set on a copy of a slice from a DataFrame.
Try using .loc[row_indexer,col_indexer] = value instead

See the caveats in the documentation: https://pandas.pydata.org/pandas-docs/stable/user_guide/indexing.html#returning-a-view-versus-a-copy
[2026-06-17T12:29:58.098+0000] {logging_mixin.py:188} WARNING - /opt/***/pipelines/orders.py:23 SettingWithCopyWarning: 
A value is trying to be set on a copy of a slice from a DataFrame.
Try using .loc[row_indexer,col_indexer] = value instead

See the caveats in the documentation: https://pandas.pydata.org/pandas-docs/stable/user_guide/indexing.html#returning-a-view-versus-a-copy
[2026-06-17T12:29:58.323+0000] {logging_mixin.py:188} INFO - [DB] 'orders' — 6 ta qator yuklandi.
[2026-06-17T12:29:58.324+0000] {logging_mixin.py:188} INFO - === Orders pipeline tugadi ===
[2026-06-17T12:29:58.326+0000] {python.py:237} INFO - Done. Returned value was: None
[2026-06-17T12:29:58.327+0000] {taskinstance.py:441} INFO - ::group::Post task execution logs
[2026-06-17T12:29:58.336+0000] {taskinstance.py:1206} INFO - Marking task as SUCCESS. dag_id=smartup_etl, task_id=orders, run_id=manual__2026-06-17T12:28:27.029322+00:00, execution_date=20260617T122827, start_date=20260617T122954, end_date=20260617T122958
[2026-06-17T12:29:58.361+0000] {local_task_job_runner.py:240} INFO - Task exited with return code 0
[2026-06-17T12:29:58.387+0000] {taskinstance.py:3498} INFO - 4 downstream tasks scheduled from follow-on schedule check
[2026-06-17T12:29:58.391+0000] {local_task_job_runner.py:222} INFO - ::endgroup::
