[2026-06-17T12:28:29.907+0000] {local_task_job_runner.py:120} INFO - ::group::Pre task execution logs
[2026-06-17T12:28:29.966+0000] {taskinstance.py:2076} INFO - Dependencies all met for dep_context=non-requeueable deps ti=<TaskInstance: smartup_etl.inventory_price manual__2026-06-17T12:28:27.029322+00:00 [queued]>
[2026-06-17T12:28:29.998+0000] {taskinstance.py:2076} INFO - Dependencies all met for dep_context=requeueable deps ti=<TaskInstance: smartup_etl.inventory_price manual__2026-06-17T12:28:27.029322+00:00 [queued]>
[2026-06-17T12:28:29.998+0000] {taskinstance.py:2306} INFO - Starting attempt 1 of 2
[2026-06-17T12:28:30.019+0000] {taskinstance.py:2330} INFO - Executing <Task(PythonOperator): inventory_price> on 2026-06-17 12:28:27.029322+00:00
[2026-06-17T12:28:30.070+0000] {logging_mixin.py:188} WARNING - /home/***/.local/lib/python3.12/site-packages/***/task/task_runner/standard_task_runner.py:61 DeprecationWarning: This process (pid=242) is multi-threaded, use of fork() may lead to deadlocks in the child.
[2026-06-17T12:28:30.043+0000] {standard_task_runner.py:90} INFO - Running: ['***', 'tasks', 'run', 'smartup_etl', 'inventory_price', 'manual__2026-06-17T12:28:27.029322+00:00', '--job-id', '60', '--raw', '--subdir', 'DAGS_FOLDER/smartup_etl_dag.py', '--cfg-path', '/tmp/tmpu_8_vvmm']
[2026-06-17T12:28:30.080+0000] {standard_task_runner.py:63} INFO - Started process 251 to run task
[2026-06-17T12:28:30.081+0000] {standard_task_runner.py:91} INFO - Job 60: Subtask inventory_price
[2026-06-17T12:28:30.564+0000] {task_command.py:426} INFO - Running <TaskInstance: smartup_etl.inventory_price manual__2026-06-17T12:28:27.029322+00:00 [running]> on host bda5cb736697
[2026-06-17T12:28:30.948+0000] {taskinstance.py:2648} INFO - Exporting env vars: AIRFLOW_CTX_DAG_OWNER='smartup-etl' AIRFLOW_CTX_DAG_ID='smartup_etl' AIRFLOW_CTX_TASK_ID='inventory_price' AIRFLOW_CTX_EXECUTION_DATE='2026-06-17T12:28:27.029322+00:00' AIRFLOW_CTX_TRY_NUMBER='1' AIRFLOW_CTX_DAG_RUN_ID='manual__2026-06-17T12:28:27.029322+00:00'
[2026-06-17T12:28:30.956+0000] {taskinstance.py:430} INFO - ::endgroup::
[2026-06-17T12:28:33.735+0000] {logging_mixin.py:188} INFO - === Inventory Price pipeline ===
[2026-06-17T12:28:33.741+0000] {logging_mixin.py:188} INFO - [FETCH] https://smartup.online/b/anor/api/v2/mkf/product_price$export
[2026-06-17T12:28:36.738+0000] {logging_mixin.py:188} INFO - [OK] 1208 ta yozuv olindi
[2026-06-17T12:28:37.344+0000] {logging_mixin.py:188} INFO - [DB] 'inventory_price' — 728 ta qator yuklandi.
[2026-06-17T12:28:37.345+0000] {logging_mixin.py:188} INFO - === Inventory Price pipeline tugadi ===
[2026-06-17T12:28:37.346+0000] {python.py:237} INFO - Done. Returned value was: None
[2026-06-17T12:28:37.346+0000] {taskinstance.py:441} INFO - ::group::Post task execution logs
[2026-06-17T12:28:37.369+0000] {taskinstance.py:1206} INFO - Marking task as SUCCESS. dag_id=smartup_etl, task_id=inventory_price, run_id=manual__2026-06-17T12:28:27.029322+00:00, execution_date=20260617T122827, start_date=20260617T122829, end_date=20260617T122837
[2026-06-17T12:28:37.433+0000] {local_task_job_runner.py:240} INFO - Task exited with return code 0
[2026-06-17T12:28:37.461+0000] {taskinstance.py:3498} INFO - 0 downstream tasks scheduled from follow-on schedule check
[2026-06-17T12:28:37.464+0000] {local_task_job_runner.py:222} INFO - ::endgroup::
