[2026-06-17T11:21:13.246+0000] {local_task_job_runner.py:120} INFO - ::group::Pre task execution logs
[2026-06-17T11:21:13.290+0000] {taskinstance.py:2076} INFO - Dependencies all met for dep_context=non-requeueable deps ti=<TaskInstance: smartup_etl.products manual__2026-06-17T11:15:29.088486+00:00 [queued]>
[2026-06-17T11:21:13.299+0000] {taskinstance.py:2076} INFO - Dependencies all met for dep_context=requeueable deps ti=<TaskInstance: smartup_etl.products manual__2026-06-17T11:15:29.088486+00:00 [queued]>
[2026-06-17T11:21:13.301+0000] {taskinstance.py:2306} INFO - Starting attempt 2 of 2
[2026-06-17T11:21:13.317+0000] {taskinstance.py:2330} INFO - Executing <Task(PythonOperator): products> on 2026-06-17 11:15:29.088486+00:00
[2026-06-17T11:21:13.327+0000] {logging_mixin.py:188} WARNING - /home/***/.local/lib/python3.12/site-packages/***/task/task_runner/standard_task_runner.py:61 DeprecationWarning: This process (pid=420) is multi-threaded, use of fork() may lead to deadlocks in the child.
[2026-06-17T11:21:13.327+0000] {standard_task_runner.py:90} INFO - Running: ['***', 'tasks', 'run', 'smartup_etl', 'products', 'manual__2026-06-17T11:15:29.088486+00:00', '--job-id', '31', '--raw', '--subdir', 'DAGS_FOLDER/smartup_etl_dag.py', '--cfg-path', '/tmp/tmp35xoygfn']
[2026-06-17T11:21:13.330+0000] {standard_task_runner.py:63} INFO - Started process 422 to run task
[2026-06-17T11:21:13.331+0000] {standard_task_runner.py:91} INFO - Job 31: Subtask products
[2026-06-17T11:21:13.441+0000] {task_command.py:426} INFO - Running <TaskInstance: smartup_etl.products manual__2026-06-17T11:15:29.088486+00:00 [running]> on host 0bb950afe98a
[2026-06-17T11:21:13.530+0000] {taskinstance.py:2648} INFO - Exporting env vars: AIRFLOW_CTX_DAG_OWNER='smartup-etl' AIRFLOW_CTX_DAG_ID='smartup_etl' AIRFLOW_CTX_TASK_ID='products' AIRFLOW_CTX_EXECUTION_DATE='2026-06-17T11:15:29.088486+00:00' AIRFLOW_CTX_TRY_NUMBER='2' AIRFLOW_CTX_DAG_RUN_ID='manual__2026-06-17T11:15:29.088486+00:00'
[2026-06-17T11:21:13.531+0000] {taskinstance.py:430} INFO - ::endgroup::
[2026-06-17T11:21:13.541+0000] {logging_mixin.py:188} INFO - === Products pipeline ===
[2026-06-17T11:21:13.546+0000] {logging_mixin.py:188} INFO - [FETCH] https://smartup.online/b/anor/mxsx/mr/inventory$export
[2026-06-17T11:21:34.959+0000] {logging_mixin.py:188} INFO - [OK] 17887 ta yozuv olindi
[2026-06-17T11:21:35.312+0000] {taskinstance.py:441} INFO - ::group::Post task execution logs
[2026-06-17T11:21:35.314+0000] {taskinstance.py:2905} ERROR - Task failed with exception
Traceback (most recent call last):
  File "/home/airflow/.local/lib/python3.12/site-packages/airflow/models/taskinstance.py", line 465, in _execute_task
    result = _execute_callable(context=context, **execute_callable_kwargs)
             ^^^^^^^^^^^^^^^^^^^^^^^^^^^^^^^^^^^^^^^^^^^^^^^^^^^^^^^^^^^^^
  File "/home/airflow/.local/lib/python3.12/site-packages/airflow/models/taskinstance.py", line 432, in _execute_callable
    return execute_callable(context=context, **execute_callable_kwargs)
           ^^^^^^^^^^^^^^^^^^^^^^^^^^^^^^^^^^^^^^^^^^^^^^^^^^^^^^^^^^^^
  File "/home/airflow/.local/lib/python3.12/site-packages/airflow/models/baseoperator.py", line 400, in wrapper
    return func(self, *args, **kwargs)
           ^^^^^^^^^^^^^^^^^^^^^^^^^^^
  File "/home/airflow/.local/lib/python3.12/site-packages/airflow/operators/python.py", line 235, in execute
    return_value = self.execute_callable()
                   ^^^^^^^^^^^^^^^^^^^^^^^
  File "/home/airflow/.local/lib/python3.12/site-packages/airflow/operators/python.py", line 252, in execute_callable
    return self.python_callable(*self.op_args, **self.op_kwargs)
           ^^^^^^^^^^^^^^^^^^^^^^^^^^^^^^^^^^^^^^^^^^^^^^^^^^^^^
  File "/opt/airflow/pipelines/products.py", line 134, in run
    products.to_excel(os.path.join(OUTPUT_DIR, "products.xlsx"),               index=False)
  File "/home/airflow/.local/lib/python3.12/site-packages/pandas/core/generic.py", line 2345, in to_excel
    formatter.write(
  File "/home/airflow/.local/lib/python3.12/site-packages/pandas/io/formats/excel.py", line 946, in write
    writer = ExcelWriter(  # type: ignore[abstract]
             ^^^^^^^^^^^^^^^^^^^^^^^^^^^^^^^^^^^^^^
  File "/home/airflow/.local/lib/python3.12/site-packages/pandas/io/excel/_openpyxl.py", line 61, in __init__
    super().__init__(
  File "/home/airflow/.local/lib/python3.12/site-packages/pandas/io/excel/_base.py", line 1263, in __init__
    self._handles = get_handle(
                    ^^^^^^^^^^^
  File "/home/airflow/.local/lib/python3.12/site-packages/pandas/io/common.py", line 739, in get_handle
    check_parent_directory(str(handle))
  File "/home/airflow/.local/lib/python3.12/site-packages/pandas/io/common.py", line 604, in check_parent_directory
    raise OSError(rf"Cannot save file into a non-existent directory: '{parent}'")
OSError: Cannot save file into a non-existent directory: 'CleanedData'
[2026-06-17T11:21:35.343+0000] {taskinstance.py:1206} INFO - Marking task as FAILED. dag_id=smartup_etl, task_id=products, run_id=manual__2026-06-17T11:15:29.088486+00:00, execution_date=20260617T111529, start_date=20260617T112113, end_date=20260617T112135
[2026-06-17T11:21:35.355+0000] {standard_task_runner.py:110} ERROR - Failed to execute job 31 for task products (Cannot save file into a non-existent directory: 'CleanedData'; 422)
[2026-06-17T11:21:35.374+0000] {local_task_job_runner.py:240} INFO - Task exited with return code 1
[2026-06-17T11:21:35.393+0000] {taskinstance.py:3498} INFO - 0 downstream tasks scheduled from follow-on schedule check
[2026-06-17T11:21:35.396+0000] {local_task_job_runner.py:222} INFO - ::endgroup::
