[2026-06-17T15:14:30.333+0000] {local_task_job_runner.py:120} INFO - ::group::Pre task execution logs
[2026-06-17T15:14:30.660+0000] {taskinstance.py:2076} INFO - Dependencies all met for dep_context=non-requeueable deps ti=<TaskInstance: smartup_etl.inventory_price manual__2026-06-17T15:14:23.365182+00:00 [queued]>
[2026-06-17T15:14:30.710+0000] {taskinstance.py:2076} INFO - Dependencies all met for dep_context=requeueable deps ti=<TaskInstance: smartup_etl.inventory_price manual__2026-06-17T15:14:23.365182+00:00 [queued]>
[2026-06-17T15:14:30.711+0000] {taskinstance.py:2306} INFO - Starting attempt 1 of 2
[2026-06-17T15:14:30.795+0000] {taskinstance.py:2330} INFO - Executing <Task(PythonOperator): inventory_price> on 2026-06-17 15:14:23.365182+00:00
[2026-06-17T15:14:30.833+0000] {logging_mixin.py:188} WARNING - /home/***/.local/lib/python3.12/site-packages/***/task/task_runner/standard_task_runner.py:61 DeprecationWarning: This process (pid=229) is multi-threaded, use of fork() may lead to deadlocks in the child.
[2026-06-17T15:14:30.841+0000] {standard_task_runner.py:63} INFO - Started process 239 to run task
[2026-06-17T15:14:30.841+0000] {standard_task_runner.py:90} INFO - Running: ['***', 'tasks', 'run', 'smartup_etl', 'inventory_price', 'manual__2026-06-17T15:14:23.365182+00:00', '--job-id', '74', '--raw', '--subdir', 'DAGS_FOLDER/smartup_etl_dag.py', '--cfg-path', '/tmp/tmp5cp9faep']
[2026-06-17T15:14:30.856+0000] {standard_task_runner.py:91} INFO - Job 74: Subtask inventory_price
[2026-06-17T15:14:31.353+0000] {task_command.py:426} INFO - Running <TaskInstance: smartup_etl.inventory_price manual__2026-06-17T15:14:23.365182+00:00 [running]> on host 4f6ec9c5bd1d
[2026-06-17T15:14:31.680+0000] {taskinstance.py:2648} INFO - Exporting env vars: AIRFLOW_CTX_DAG_OWNER='smartup-etl' AIRFLOW_CTX_DAG_ID='smartup_etl' AIRFLOW_CTX_TASK_ID='inventory_price' AIRFLOW_CTX_EXECUTION_DATE='2026-06-17T15:14:23.365182+00:00' AIRFLOW_CTX_TRY_NUMBER='1' AIRFLOW_CTX_DAG_RUN_ID='manual__2026-06-17T15:14:23.365182+00:00'
[2026-06-17T15:14:31.685+0000] {taskinstance.py:430} INFO - ::endgroup::
[2026-06-17T15:14:33.962+0000] {logging_mixin.py:188} INFO - === Inventory Price pipeline ===
[2026-06-17T15:14:33.966+0000] {logging_mixin.py:188} INFO - [FETCH] https://smartup.online/b/anor/api/v2/mkf/product_price$export
[2026-06-17T15:14:36.900+0000] {logging_mixin.py:188} INFO - [OK] 1208 ta yozuv olindi
[2026-06-17T15:14:38.006+0000] {logging_mixin.py:188} INFO - [DB] 'inventory_price' — 728 ta qator yuklandi.
[2026-06-17T15:14:38.011+0000] {logging_mixin.py:188} INFO - === Inventory Price pipeline tugadi ===
[2026-06-17T15:14:38.014+0000] {python.py:237} INFO - Done. Returned value was: None
[2026-06-17T15:14:38.017+0000] {taskinstance.py:441} INFO - ::group::Post task execution logs
[2026-06-17T15:14:38.221+0000] {taskinstance.py:1206} INFO - Marking task as SUCCESS. dag_id=smartup_etl, task_id=inventory_price, run_id=manual__2026-06-17T15:14:23.365182+00:00, execution_date=20260617T151423, start_date=20260617T151430, end_date=20260617T151438
[2026-06-17T15:14:38.355+0000] {local_task_job_runner.py:240} INFO - Task exited with return code 0
[2026-06-17T15:14:38.440+0000] {taskinstance.py:3498} INFO - 0 downstream tasks scheduled from follow-on schedule check
[2026-06-17T15:14:38.484+0000] {local_task_job_runner.py:222} INFO - ::endgroup::
