[2026-06-17T10:08:56.807+0000] {local_task_job_runner.py:120} INFO - ::group::Pre task execution logs
[2026-06-17T10:08:56.853+0000] {taskinstance.py:2076} INFO - Dependencies all met for dep_context=non-requeueable deps ti=<TaskInstance: smartup_etl.legal_entity scheduled__2026-06-16T02:00:00+00:00 [queued]>
[2026-06-17T10:08:56.876+0000] {taskinstance.py:2076} INFO - Dependencies all met for dep_context=requeueable deps ti=<TaskInstance: smartup_etl.legal_entity scheduled__2026-06-16T02:00:00+00:00 [queued]>
[2026-06-17T10:08:56.877+0000] {taskinstance.py:2306} INFO - Starting attempt 2 of 2
[2026-06-17T10:08:56.901+0000] {taskinstance.py:2330} INFO - Executing <Task(PythonOperator): legal_entity> on 2026-06-16 02:00:00+00:00
[2026-06-17T10:08:56.917+0000] {logging_mixin.py:188} WARNING - /home/***/.local/lib/python3.12/site-packages/***/task/task_runner/standard_task_runner.py:61 DeprecationWarning: This process (pid=475) is multi-threaded, use of fork() may lead to deadlocks in the child.
[2026-06-17T10:08:56.917+0000] {standard_task_runner.py:90} INFO - Running: ['***', 'tasks', 'run', 'smartup_etl', 'legal_entity', 'scheduled__2026-06-16T02:00:00+00:00', '--job-id', '16', '--raw', '--subdir', 'DAGS_FOLDER/smartup_etl_dag.py', '--cfg-path', '/tmp/tmpchfyunam']
[2026-06-17T10:08:56.919+0000] {standard_task_runner.py:63} INFO - Started process 477 to run task
[2026-06-17T10:08:56.920+0000] {standard_task_runner.py:91} INFO - Job 16: Subtask legal_entity
[2026-06-17T10:08:57.009+0000] {task_command.py:426} INFO - Running <TaskInstance: smartup_etl.legal_entity scheduled__2026-06-16T02:00:00+00:00 [running]> on host b43aa923e2e5
[2026-06-17T10:08:57.097+0000] {taskinstance.py:2648} INFO - Exporting env vars: AIRFLOW_CTX_DAG_OWNER='smartup-etl' AIRFLOW_CTX_DAG_ID='smartup_etl' AIRFLOW_CTX_TASK_ID='legal_entity' AIRFLOW_CTX_EXECUTION_DATE='2026-06-16T02:00:00+00:00' AIRFLOW_CTX_TRY_NUMBER='2' AIRFLOW_CTX_DAG_RUN_ID='scheduled__2026-06-16T02:00:00+00:00'
[2026-06-17T10:08:57.098+0000] {taskinstance.py:430} INFO - ::endgroup::
[2026-06-17T10:08:57.108+0000] {logging_mixin.py:188} INFO - === Legal Entity pipeline ===
[2026-06-17T10:08:57.112+0000] {logging_mixin.py:188} INFO - [FETCH] https://smartup.online/b/anor/mxsx/mr/legal_person$export
[2026-06-17T10:09:33.824+0000] {logging_mixin.py:188} INFO - [OK] 31846 ta yozuv olindi
[2026-06-17T10:09:35.219+0000] {taskinstance.py:441} INFO - ::group::Post task execution logs
[2026-06-17T10:09:35.220+0000] {taskinstance.py:2905} ERROR - Task failed with exception
Traceback (most recent call last):
  File "/home/airflow/.local/lib/python3.12/site-packages/airflow/models/taskinstance.py", line 465, in _execute_task
    result = _execute_callable(context=context, **execute_callable_kwargs)
             ^^^^^^^^^^^^^^^^^^^^^^^^^^^^^^^^^^^^^^^^^^^^^^^^^^^^^^^^^^^^^
  File "/home/airflow/.local/lib/python3.12/site-packages/airflow/models/taskinstance.py", line 432, in _execute_callable
    return execute_callable(context=context, **execute_callable_kwargs)
           ^^^^^^^^^^^^^^^^^^^^^^^^^^^^^^^^^^^^^^^^^^^^^^^^^^^^^^^^^^^^
  File "/home/airflow/.local/lib/python3.12/site-packages/airflow/models/baseoperator.py", line 400, in wrapper
    return func(self, *args, **kwargs)
           ^^^^^^^^^^^^^^^^^^^^^^^^^^^
  File "/home/airflow/.local/lib/python3.12/site-packages/airflow/operators/python.py", line 235, in execute
    return_value = self.execute_callable()
                   ^^^^^^^^^^^^^^^^^^^^^^^
  File "/home/airflow/.local/lib/python3.12/site-packages/airflow/operators/python.py", line 252, in execute_callable
    return self.python_callable(*self.op_args, **self.op_kwargs)
           ^^^^^^^^^^^^^^^^^^^^^^^^^^^^^^^^^^^^^^^^^^^^^^^^^^^^^
  File "/opt/airflow/pipelines/legal_entity.py", line 99, in run
    legal_entity.to_excel(
  File "/home/airflow/.local/lib/python3.12/site-packages/pandas/core/generic.py", line 2345, in to_excel
    formatter.write(
  File "/home/airflow/.local/lib/python3.12/site-packages/pandas/io/formats/excel.py", line 946, in write
    writer = ExcelWriter(  # type: ignore[abstract]
             ^^^^^^^^^^^^^^^^^^^^^^^^^^^^^^^^^^^^^^
  File "/home/airflow/.local/lib/python3.12/site-packages/pandas/io/excel/_openpyxl.py", line 57, in __init__
    from openpyxl.workbook import Workbook
ModuleNotFoundError: No module named 'openpyxl'
[2026-06-17T10:09:35.236+0000] {taskinstance.py:1206} INFO - Marking task as FAILED. dag_id=smartup_etl, task_id=legal_entity, run_id=scheduled__2026-06-16T02:00:00+00:00, execution_date=20260616T020000, start_date=20260617T100856, end_date=20260617T100935
[2026-06-17T10:09:35.248+0000] {standard_task_runner.py:110} ERROR - Failed to execute job 16 for task legal_entity (No module named 'openpyxl'; 477)
[2026-06-17T10:09:35.297+0000] {local_task_job_runner.py:240} INFO - Task exited with return code 1
[2026-06-17T10:09:35.325+0000] {taskinstance.py:3498} INFO - 0 downstream tasks scheduled from follow-on schedule check
[2026-06-17T10:09:35.329+0000] {local_task_job_runner.py:222} INFO - ::endgroup::
