[2026-06-17T15:14:30.333+0000] {local_task_job_runner.py:120} INFO - ::group::Pre task execution logs
[2026-06-17T15:14:30.662+0000] {taskinstance.py:2076} INFO - Dependencies all met for dep_context=non-requeueable deps ti=<TaskInstance: smartup_etl.customers manual__2026-06-17T15:14:23.365182+00:00 [queued]>
[2026-06-17T15:14:30.725+0000] {taskinstance.py:2076} INFO - Dependencies all met for dep_context=requeueable deps ti=<TaskInstance: smartup_etl.customers manual__2026-06-17T15:14:23.365182+00:00 [queued]>
[2026-06-17T15:14:30.727+0000] {taskinstance.py:2306} INFO - Starting attempt 1 of 2
[2026-06-17T15:14:30.815+0000] {taskinstance.py:2330} INFO - Executing <Task(PythonOperator): customers> on 2026-06-17 15:14:23.365182+00:00
[2026-06-17T15:14:30.865+0000] {logging_mixin.py:188} WARNING - /home/***/.local/lib/python3.12/site-packages/***/task/task_runner/standard_task_runner.py:61 DeprecationWarning: This process (pid=228) is multi-threaded, use of fork() may lead to deadlocks in the child.
[2026-06-17T15:14:30.858+0000] {standard_task_runner.py:90} INFO - Running: ['***', 'tasks', 'run', 'smartup_etl', 'customers', 'manual__2026-06-17T15:14:23.365182+00:00', '--job-id', '76', '--raw', '--subdir', 'DAGS_FOLDER/smartup_etl_dag.py', '--cfg-path', '/tmp/tmpzxfjt7m2']
[2026-06-17T15:14:30.878+0000] {standard_task_runner.py:63} INFO - Started process 240 to run task
[2026-06-17T15:14:30.882+0000] {standard_task_runner.py:91} INFO - Job 76: Subtask customers
[2026-06-17T15:14:31.350+0000] {task_command.py:426} INFO - Running <TaskInstance: smartup_etl.customers manual__2026-06-17T15:14:23.365182+00:00 [running]> on host 4f6ec9c5bd1d
[2026-06-17T15:14:31.673+0000] {taskinstance.py:2648} INFO - Exporting env vars: AIRFLOW_CTX_DAG_OWNER='smartup-etl' AIRFLOW_CTX_DAG_ID='smartup_etl' AIRFLOW_CTX_TASK_ID='customers' AIRFLOW_CTX_EXECUTION_DATE='2026-06-17T15:14:23.365182+00:00' AIRFLOW_CTX_TRY_NUMBER='1' AIRFLOW_CTX_DAG_RUN_ID='manual__2026-06-17T15:14:23.365182+00:00'
[2026-06-17T15:14:31.678+0000] {taskinstance.py:430} INFO - ::endgroup::
[2026-06-17T15:14:33.963+0000] {logging_mixin.py:188} INFO - === Natural person pipeline ===
[2026-06-17T15:14:33.967+0000] {logging_mixin.py:188} INFO - [FETCH] https://smartup.online/b/anor/mxsx/mr/natural_person$export
[2026-06-17T15:14:37.737+0000] {logging_mixin.py:188} INFO - [OK] 1113 ta yozuv olindi
[2026-06-17T15:14:37.757+0000] {logging_mixin.py:188} INFO - [OK] 1113 ta yozuv olindi
[2026-06-17T15:14:40.098+0000] {logging_mixin.py:188} INFO - [DB] 'natural_person' — 1113 ta qator yuklandi.
[2026-06-17T15:14:40.232+0000] {logging_mixin.py:188} INFO - [DB] 'natural_person_groups' — 257 ta qator yuklandi.
[2026-06-17T15:14:40.387+0000] {logging_mixin.py:188} INFO - [DB] 'natural_person_rooms' — 1008 ta qator yuklandi.
[2026-06-17T15:14:40.388+0000] {logging_mixin.py:188} INFO - === Natural person pipeline tugadi ===
[2026-06-17T15:14:40.389+0000] {python.py:237} INFO - Done. Returned value was: None
[2026-06-17T15:14:40.390+0000] {taskinstance.py:441} INFO - ::group::Post task execution logs
[2026-06-17T15:14:40.409+0000] {taskinstance.py:1206} INFO - Marking task as SUCCESS. dag_id=smartup_etl, task_id=customers, run_id=manual__2026-06-17T15:14:23.365182+00:00, execution_date=20260617T151423, start_date=20260617T151430, end_date=20260617T151440
[2026-06-17T15:14:40.466+0000] {local_task_job_runner.py:240} INFO - Task exited with return code 0
[2026-06-17T15:14:40.511+0000] {taskinstance.py:3498} INFO - 0 downstream tasks scheduled from follow-on schedule check
[2026-06-17T15:14:40.514+0000] {local_task_job_runner.py:222} INFO - ::endgroup::
